<?xml version="1.0" encoding="UTF-8"?>
<robot generator="Robot 6.0.2 (Python 3.11.2 on darwin)" generated="20230415 20:12:40.208" rpa="false" schemaversion="3">
<suite id="s1" name="Links" source="/Users/darya_shalukho/PycharmProjects/API/Sitemap/Links.robot">
<kw name="Open Browser" library="SeleniumLibrary" type="SETUP">
<arg>https://www.baaqmd.gov/sitemap</arg>
<arg>chrome</arg>
<doc>Opens a new browser instance to the optional ``url``.</doc>
<msg timestamp="20230415 20:12:40.320" level="INFO">Opening browser 'chrome' to base url 'https://www.baaqmd.gov/sitemap'.</msg>
<status status="PASS" starttime="20230415 20:12:40.319" endtime="20230415 20:13:05.966"/>
</kw>
<test id="s1-t1" name="Alert Status" line="10">
<kw name="Go To" library="SeleniumLibrary">
<arg>${URL}</arg>
<doc>Navigates the current browser window to the provided ``url``.</doc>
<msg timestamp="20230415 20:13:05.969" level="INFO">Opening url 'https://www.baaqmd.gov/sitemap'</msg>
<status status="PASS" starttime="20230415 20:13:05.968" endtime="20230415 20:13:09.081"/>
</kw>
<kw name="Sleep" library="BuiltIn">
<arg>3 seconds</arg>
<doc>Pauses the test executed for the given time.</doc>
<msg timestamp="20230415 20:13:12.084" level="INFO">Slept 3 seconds</msg>
<status status="PASS" starttime="20230415 20:13:09.081" endtime="20230415 20:13:12.084"/>
</kw>
<kw name="Click Element" library="SeleniumLibrary">
<arg>css:.sitemap a[href$="alertstatus"]</arg>
<doc>Click the element identified by ``locator``.</doc>
<msg timestamp="20230415 20:13:12.087" level="INFO">Clicking element 'css:.sitemap a[href$="alertstatus"]'.</msg>
<status status="PASS" starttime="20230415 20:13:12.085" endtime="20230415 20:13:15.141"/>
</kw>
<kw name="Element Should Be Enabled" library="SeleniumLibrary">
<arg>xpath://a[@alt="top-device-logo"]/img</arg>
<doc>Verifies that element identified by ``locator`` is enabled.</doc>
<status status="PASS" starttime="20230415 20:13:15.141" endtime="20230415 20:13:15.265"/>
</kw>
<status status="PASS" starttime="20230415 20:13:05.967" endtime="20230415 20:13:15.265"/>
</test>
<test id="s1-t2" name="About the Air District" line="16">
<kw name="Go To" library="SeleniumLibrary">
<arg>${URL}</arg>
<doc>Navigates the current browser window to the provided ``url``.</doc>
<msg timestamp="20230415 20:13:15.266" level="INFO">Opening url 'https://www.baaqmd.gov/sitemap'</msg>
<status status="PASS" starttime="20230415 20:13:15.266" endtime="20230415 20:13:17.211"/>
</kw>
<kw name="Sleep" library="BuiltIn">
<arg>3 seconds</arg>
<doc>Pauses the test executed for the given time.</doc>
<msg timestamp="20230415 20:13:20.213" level="INFO">Slept 3 seconds</msg>
<status status="PASS" starttime="20230415 20:13:17.212" endtime="20230415 20:13:20.214"/>
</kw>
<kw name="Click Element" library="SeleniumLibrary">
<arg>css:.sitemap a[href$="about-the-air-district"]</arg>
<doc>Click the element identified by ``locator``.</doc>
<msg timestamp="20230415 20:13:20.216" level="INFO">Clicking element 'css:.sitemap a[href$="about-the-air-district"]'.</msg>
<status status="PASS" starttime="20230415 20:13:20.215" endtime="20230415 20:13:25.469"/>
</kw>
<kw name="Element Should Be Enabled" library="SeleniumLibrary">
<arg>xpath://a[@alt="top-device-logo"]/img</arg>
<doc>Verifies that element identified by ``locator`` is enabled.</doc>
<status status="PASS" starttime="20230415 20:13:25.469" endtime="20230415 20:13:25.555"/>
</kw>
<status status="PASS" starttime="20230415 20:13:15.266" endtime="20230415 20:13:25.555"/>
</test>
<test id="s1-t3" name="Board of Directors" line="22">
<kw name="Go To" library="SeleniumLibrary">
<arg>${URL}</arg>
<doc>Navigates the current browser window to the provided ``url``.</doc>
<msg timestamp="20230415 20:13:25.556" level="INFO">Opening url 'https://www.baaqmd.gov/sitemap'</msg>
<status status="PASS" starttime="20230415 20:13:25.556" endtime="20230415 20:13:26.974"/>
</kw>
<kw name="Sleep" library="BuiltIn">
<arg>3 seconds</arg>
<doc>Pauses the test executed for the given time.</doc>
<msg timestamp="20230415 20:13:29.976" level="INFO">Slept 3 seconds</msg>
<status status="PASS" starttime="20230415 20:13:26.975" endtime="20230415 20:13:29.976"/>
</kw>
<kw name="Click Element" library="SeleniumLibrary">
<arg>css:.sitemap a[href$="board-of-directors"]</arg>
<doc>Click the element identified by ``locator``.</doc>
<msg timestamp="20230415 20:13:29.979" level="INFO">Clicking element 'css:.sitemap a[href$="board-of-directors"]'.</msg>
<status status="PASS" starttime="20230415 20:13:29.977" endtime="20230415 20:13:32.668"/>
</kw>
<kw name="Element Should Be Enabled" library="SeleniumLibrary">
<arg>xpath://a[@alt="top-device-logo"]/img</arg>
<doc>Verifies that element identified by ``locator`` is enabled.</doc>
<status status="PASS" starttime="20230415 20:13:32.668" endtime="20230415 20:13:32.724"/>
</kw>
<status status="PASS" starttime="20230415 20:13:25.555" endtime="20230415 20:13:32.724"/>
</test>
<test id="s1-t4" name="Adopted Resolutions" line="28">
<kw name="Go To" library="SeleniumLibrary">
<arg>${URL}</arg>
<doc>Navigates the current browser window to the provided ``url``.</doc>
<msg timestamp="20230415 20:13:32.724" level="INFO">Opening url 'https://www.baaqmd.gov/sitemap'</msg>
<status status="PASS" starttime="20230415 20:13:32.724" endtime="20230415 20:13:34.470"/>
</kw>
<kw name="Sleep" library="BuiltIn">
<arg>3 seconds</arg>
<doc>Pauses the test executed for the given time.</doc>
<msg timestamp="20230415 20:13:37.474" level="INFO">Slept 3 seconds</msg>
<status status="PASS" starttime="20230415 20:13:34.471" endtime="20230415 20:13:37.474"/>
</kw>
<kw name="Click Element" library="SeleniumLibrary">
<arg>css:.sitemap a[href$="adopted-resolutions"]</arg>
<doc>Click the element identified by ``locator``.</doc>
<msg timestamp="20230415 20:13:37.478" level="INFO">Clicking element 'css:.sitemap a[href$="adopted-resolutions"]'.</msg>
<status status="PASS" starttime="20230415 20:13:37.476" endtime="20230415 20:13:40.821"/>
</kw>
<kw name="Element Should Be Enabled" library="SeleniumLibrary">
<arg>xpath://a[@alt="top-device-logo"]/img</arg>
<doc>Verifies that element identified by ``locator`` is enabled.</doc>
<status status="PASS" starttime="20230415 20:13:40.822" endtime="20230415 20:13:40.839"/>
</kw>
<status status="PASS" starttime="20230415 20:13:32.724" endtime="20230415 20:13:40.839"/>
</test>
<test id="s1-t5" name="Agendas &amp; Minutes" line="34">
<kw name="Go To" library="SeleniumLibrary">
<arg>${URL}</arg>
<doc>Navigates the current browser window to the provided ``url``.</doc>
<msg timestamp="20230415 20:13:40.840" level="INFO">Opening url 'https://www.baaqmd.gov/sitemap'</msg>
<status status="PASS" starttime="20230415 20:13:40.839" endtime="20230415 20:13:42.057"/>
</kw>
<kw name="Sleep" library="BuiltIn">
<arg>3 seconds</arg>
<doc>Pauses the test executed for the given time.</doc>
<msg timestamp="20230415 20:13:45.058" level="INFO">Slept 3 seconds</msg>
<status status="PASS" starttime="20230415 20:13:42.057" endtime="20230415 20:13:45.059"/>
</kw>
<kw name="Click Element" library="SeleniumLibrary">
<arg>css:.sitemap a[href$="resolutionsagendasminutes"]</arg>
<doc>Click the element identified by ``locator``.</doc>
<msg timestamp="20230415 20:13:45.061" level="INFO">Clicking element 'css:.sitemap a[href$="resolutionsagendasminutes"]'.</msg>
<status status="PASS" starttime="20230415 20:13:45.060" endtime="20230415 20:13:50.712"/>
</kw>
<kw name="Element Should Be Enabled" library="SeleniumLibrary">
<arg>xpath://a[@alt="top-device-logo"]/img</arg>
<doc>Verifies that element identified by ``locator`` is enabled.</doc>
<status status="PASS" starttime="20230415 20:13:50.712" endtime="20230415 20:13:50.729"/>
</kw>
<status status="PASS" starttime="20230415 20:13:40.839" endtime="20230415 20:13:50.729"/>
</test>
<test id="s1-t6" name="Committees" line="40">
<kw name="Go To" library="SeleniumLibrary">
<arg>${URL}</arg>
<doc>Navigates the current browser window to the provided ``url``.</doc>
<msg timestamp="20230415 20:13:50.730" level="INFO">Opening url 'https://www.baaqmd.gov/sitemap'</msg>
<status status="PASS" starttime="20230415 20:13:50.730" endtime="20230415 20:13:52.199"/>
</kw>
<kw name="Click Element" library="SeleniumLibrary">
<arg>css:.sitemap a[href$="committees"]</arg>
<doc>Click the element identified by ``locator``.</doc>
<msg timestamp="20230415 20:13:52.201" level="INFO">Clicking element 'css:.sitemap a[href$="committees"]'.</msg>
<status status="PASS" starttime="20230415 20:13:52.201" endtime="20230415 20:13:55.548"/>
</kw>
<kw name="Element Should Be Enabled" library="SeleniumLibrary">
<arg>xpath://a[@alt="top-device-logo"]/img</arg>
<doc>Verifies that element identified by ``locator`` is enabled.</doc>
<status status="PASS" starttime="20230415 20:13:55.548" endtime="20230415 20:13:55.571"/>
</kw>
<status status="PASS" starttime="20230415 20:13:50.729" endtime="20230415 20:13:55.571"/>
</test>
<test id="s1-t7" name="Advisory Council" line="45">
<kw name="Go To" library="SeleniumLibrary">
<arg>${URL}</arg>
<doc>Navigates the current browser window to the provided ``url``.</doc>
<msg timestamp="20230415 20:13:55.572" level="INFO">Opening url 'https://www.baaqmd.gov/sitemap'</msg>
<status status="PASS" starttime="20230415 20:13:55.572" endtime="20230415 20:13:56.770"/>
</kw>
<kw name="Click Element" library="SeleniumLibrary">
<arg>css:.sitemap a[href$="about-the-air-district/advisory-council"]</arg>
<doc>Click the element identified by ``locator``.</doc>
<msg timestamp="20230415 20:13:56.771" level="INFO">Clicking element 'css:.sitemap a[href$="about-the-air-district/advisory-council"]'.</msg>
<status status="PASS" starttime="20230415 20:13:56.771" endtime="20230415 20:13:58.237"/>
</kw>
<kw name="Element Should Be Enabled" library="SeleniumLibrary">
<arg>xpath://a[@alt="top-device-logo"]/img</arg>
<doc>Verifies that element identified by ``locator`` is enabled.</doc>
<status status="PASS" starttime="20230415 20:13:58.237" endtime="20230415 20:13:58.253"/>
</kw>
<status status="PASS" starttime="20230415 20:13:55.572" endtime="20230415 20:13:58.253"/>
</test>
<test id="s1-t8" name="Agendas &amp; Reports" line="50">
<kw name="Go To" library="SeleniumLibrary">
<arg>${URL}</arg>
<doc>Navigates the current browser window to the provided ``url``.</doc>
<msg timestamp="20230415 20:13:58.253" level="INFO">Opening url 'https://www.baaqmd.gov/sitemap'</msg>
<status status="PASS" starttime="20230415 20:13:58.253" endtime="20230415 20:13:59.709"/>
</kw>
<kw name="Click Element" library="SeleniumLibrary">
<arg>css:.sitemap a[href$="about-the-air-district/advisory-council/agendasreports"]</arg>
<doc>Click the element identified by ``locator``.</doc>
<msg timestamp="20230415 20:13:59.709" level="INFO">Clicking element 'css:.sitemap a[href$="about-the-air-district/advisory-council/agendasreports"]'.</msg>
<status status="PASS" starttime="20230415 20:13:59.709" endtime="20230415 20:14:02.206"/>
</kw>
<kw name="Element Should Be Enabled" library="SeleniumLibrary">
<arg>xpath://a[@alt="top-device-logo"]/img</arg>
<doc>Verifies that element identified by ``locator`` is enabled.</doc>
<status status="PASS" starttime="20230415 20:14:02.206" endtime="20230415 20:14:02.222"/>
</kw>
<status status="PASS" starttime="20230415 20:13:58.253" endtime="20230415 20:14:02.222"/>
</test>
<test id="s1-t9" name="Severin Borenstein" line="55">
<kw name="Go To" library="SeleniumLibrary">
<arg>${URL}</arg>
<doc>Navigates the current browser window to the provided ``url``.</doc>
<msg timestamp="20230415 20:14:02.222" level="INFO">Opening url 'https://www.baaqmd.gov/sitemap'</msg>
<status status="PASS" starttime="20230415 20:14:02.222" endtime="20230415 20:14:03.345"/>
</kw>
<kw name="Click Element" library="SeleniumLibrary">
<arg>css:.sitemap a[href$="borenstein"]</arg>
<doc>Click the element identified by ``locator``.</doc>
<msg timestamp="20230415 20:14:03.346" level="INFO">Clicking element 'css:.sitemap a[href$="borenstein"]'.</msg>
<status status="PASS" starttime="20230415 20:14:03.346" endtime="20230415 20:14:05.019"/>
</kw>
<kw name="Element Should Be Enabled" library="SeleniumLibrary">
<arg>xpath://a[@alt="top-device-logo"]/img</arg>
<doc>Verifies that element identified by ``locator`` is enabled.</doc>
<status status="PASS" starttime="20230415 20:14:05.019" endtime="20230415 20:14:05.037"/>
</kw>
<status status="PASS" starttime="20230415 20:14:02.222" endtime="20230415 20:14:05.037"/>
</test>
<test id="s1-t10" name="Cullenward" line="60">
<kw name="Go To" library="SeleniumLibrary">
<arg>${URL}</arg>
<doc>Navigates the current browser window to the provided ``url``.</doc>
<msg timestamp="20230415 20:14:05.037" level="INFO">Opening url 'https://www.baaqmd.gov/sitemap'</msg>
<status status="PASS" starttime="20230415 20:14:05.037" endtime="20230415 20:14:06.196"/>
</kw>
<kw name="Click Element" library="SeleniumLibrary">
<arg>css:.sitemap a[href$="cullenward"]</arg>
<doc>Click the element identified by ``locator``.</doc>
<msg timestamp="20230415 20:14:06.196" level="INFO">Clicking element 'css:.sitemap a[href$="cullenward"]'.</msg>
<status status="PASS" starttime="20230415 20:14:06.196" endtime="20230415 20:14:07.409"/>
</kw>
<kw name="Element Should Be Enabled" library="SeleniumLibrary">
<arg>xpath://a[@alt="top-device-logo"]/img</arg>
<doc>Verifies that element identified by ``locator`` is enabled.</doc>
<status status="PASS" starttime="20230415 20:14:07.409" endtime="20230415 20:14:07.435"/>
</kw>
<status status="PASS" starttime="20230415 20:14:05.037" endtime="20230415 20:14:07.435"/>
</test>
<test id="s1-t11" name="Tam Doduc" line="65">
<kw name="Go To" library="SeleniumLibrary">
<arg>${URL}</arg>
<doc>Navigates the current browser window to the provided ``url``.</doc>
<msg timestamp="20230415 20:14:07.436" level="INFO">Opening url 'https://www.baaqmd.gov/sitemap'</msg>
<status status="PASS" starttime="20230415 20:14:07.436" endtime="20230415 20:14:08.594"/>
</kw>
<kw name="Click Element" library="SeleniumLibrary">
<arg>css:.sitemap a[href$="doduc"]</arg>
<doc>Click the element identified by ``locator``.</doc>
<msg timestamp="20230415 20:14:08.595" level="INFO">Clicking element 'css:.sitemap a[href$="doduc"]'.</msg>
<status status="PASS" starttime="20230415 20:14:08.594" endtime="20230415 20:14:09.716"/>
</kw>
<kw name="Element Should Be Enabled" library="SeleniumLibrary">
<arg>xpath://a[@alt="top-device-logo"]/img</arg>
<doc>Verifies that element identified by ``locator`` is enabled.</doc>
<status status="PASS" starttime="20230415 20:14:09.716" endtime="20230415 20:14:09.732"/>
</kw>
<status status="PASS" starttime="20230415 20:14:07.435" endtime="20230415 20:14:09.732"/>
</test>
<test id="s1-t12" name="Robert Harley" line="70">
<kw name="Go To" library="SeleniumLibrary">
<arg>${URL}</arg>
<doc>Navigates the current browser window to the provided ``url``.</doc>
<msg timestamp="20230415 20:14:09.733" level="INFO">Opening url 'https://www.baaqmd.gov/sitemap'</msg>
<status status="PASS" starttime="20230415 20:14:09.733" endtime="20230415 20:14:10.860"/>
</kw>
<kw name="Click Element" library="SeleniumLibrary">
<arg>css:.sitemap a[href$="harley"]</arg>
<doc>Click the element identified by ``locator``.</doc>
<msg timestamp="20230415 20:14:10.860" level="INFO">Clicking element 'css:.sitemap a[href$="harley"]'.</msg>
<status status="PASS" starttime="20230415 20:14:10.860" endtime="20230415 20:14:11.957"/>
</kw>
<kw name="Element Should Be Enabled" library="SeleniumLibrary">
<arg>xpath://a[@alt="top-device-logo"]/img</arg>
<doc>Verifies that element identified by ``locator`` is enabled.</doc>
<status status="PASS" starttime="20230415 20:14:11.957" endtime="20230415 20:14:11.972"/>
</kw>
<status status="PASS" starttime="20230415 20:14:09.733" endtime="20230415 20:14:11.972"/>
</test>
<test id="s1-t13" name="Hollis" line="75">
<kw name="Go To" library="SeleniumLibrary">
<arg>${URL}</arg>
<doc>Navigates the current browser window to the provided ``url``.</doc>
<msg timestamp="20230415 20:14:11.973" level="INFO">Opening url 'https://www.baaqmd.gov/sitemap'</msg>
<status status="PASS" starttime="20230415 20:14:11.973" endtime="20230415 20:14:13.123"/>
</kw>
<kw name="Click Element" library="SeleniumLibrary">
<arg>css:.sitemap a[href$="hollis"]</arg>
<doc>Click the element identified by ``locator``.</doc>
<msg timestamp="20230415 20:14:13.124" level="INFO">Clicking element 'css:.sitemap a[href$="hollis"]'.</msg>
<status status="PASS" starttime="20230415 20:14:13.123" endtime="20230415 20:14:14.223"/>
</kw>
<kw name="Element Should Be Enabled" library="SeleniumLibrary">
<arg>xpath://a[@alt="top-device-logo"]/img</arg>
<doc>Verifies that element identified by ``locator`` is enabled.</doc>
<status status="PASS" starttime="20230415 20:14:14.223" endtime="20230415 20:14:14.239"/>
</kw>
<status status="PASS" starttime="20230415 20:14:11.973" endtime="20230415 20:14:14.239"/>
</test>
<test id="s1-t14" name="Michael T. Kleinman" line="80">
<kw name="Go To" library="SeleniumLibrary">
<arg>${URL}</arg>
<doc>Navigates the current browser window to the provided ``url``.</doc>
<msg timestamp="20230415 20:14:14.239" level="INFO">Opening url 'https://www.baaqmd.gov/sitemap'</msg>
<status status="PASS" starttime="20230415 20:14:14.239" endtime="20230415 20:14:15.415"/>
</kw>
<kw name="Click Element" library="SeleniumLibrary">
<arg>css:.sitemap a[href$="kleinman"]</arg>
<doc>Click the element identified by ``locator``.</doc>
<msg timestamp="20230415 20:14:15.416" level="INFO">Clicking element 'css:.sitemap a[href$="kleinman"]'.</msg>
<status status="PASS" starttime="20230415 20:14:15.416" endtime="20230415 20:14:16.601"/>
</kw>
<kw name="Element Should Be Enabled" library="SeleniumLibrary">
<arg>xpath://a[@alt="top-device-logo"]/img</arg>
<doc>Verifies that element identified by ``locator`` is enabled.</doc>
<status status="PASS" starttime="20230415 20:14:16.601" endtime="20230415 20:14:16.616"/>
</kw>
<status status="PASS" starttime="20230415 20:14:14.239" endtime="20230415 20:14:16.617"/>
</test>
<test id="s1-t15" name="Tim Lipman" line="85">
<kw name="Go To" library="SeleniumLibrary">
<arg>${URL}</arg>
<doc>Navigates the current browser window to the provided ``url``.</doc>
<msg timestamp="20230415 20:14:16.617" level="INFO">Opening url 'https://www.baaqmd.gov/sitemap'</msg>
<status status="PASS" starttime="20230415 20:14:16.617" endtime="20230415 20:14:17.758"/>
</kw>
<kw name="Click Element" library="SeleniumLibrary">
<arg>css:.sitemap a[href$="lipman"]</arg>
<doc>Click the element identified by ``locator``.</doc>
<msg timestamp="20230415 20:14:17.758" level="INFO">Clicking element 'css:.sitemap a[href$="lipman"]'.</msg>
<status status="PASS" starttime="20230415 20:14:17.758" endtime="20230415 20:14:18.921"/>
</kw>
<kw name="Element Should Be Enabled" library="SeleniumLibrary">
<arg>xpath://a[@alt="top-device-logo"]/img</arg>
<doc>Verifies that element identified by ``locator`` is enabled.</doc>
<status status="PASS" starttime="20230415 20:14:18.921" endtime="20230415 20:14:18.939"/>
</kw>
<status status="PASS" starttime="20230415 20:14:16.617" endtime="20230415 20:14:18.939"/>
</test>
<test id="s1-t16" name="Jane C.S. Long" line="90">
<kw name="Go To" library="SeleniumLibrary">
<arg>${URL}</arg>
<doc>Navigates the current browser window to the provided ``url``.</doc>
<msg timestamp="20230415 20:14:18.940" level="INFO">Opening url 'https://www.baaqmd.gov/sitemap'</msg>
<status status="PASS" starttime="20230415 20:14:18.940" endtime="20230415 20:14:20.103"/>
</kw>
<kw name="Click Element" library="SeleniumLibrary">
<arg>css:.sitemap a[href$="long"]</arg>
<doc>Click the element identified by ``locator``.</doc>
<msg timestamp="20230415 20:14:20.103" level="INFO">Clicking element 'css:.sitemap a[href$="long"]'.</msg>
<status status="PASS" starttime="20230415 20:14:20.103" endtime="20230415 20:14:21.194"/>
</kw>
<kw name="Element Should Be Enabled" library="SeleniumLibrary">
<arg>xpath://a[@alt="top-device-logo"]/img</arg>
<doc>Verifies that element identified by ``locator`` is enabled.</doc>
<status status="PASS" starttime="20230415 20:14:21.194" endtime="20230415 20:14:21.208"/>
</kw>
<status status="PASS" starttime="20230415 20:14:18.940" endtime="20230415 20:14:21.208"/>
</test>
<test id="s1-t17" name="Phartiyal" line="95">
<kw name="Go To" library="SeleniumLibrary">
<arg>${URL}</arg>
<doc>Navigates the current browser window to the provided ``url``.</doc>
<msg timestamp="20230415 20:14:21.208" level="INFO">Opening url 'https://www.baaqmd.gov/sitemap'</msg>
<status status="PASS" starttime="20230415 20:14:21.208" endtime="20230415 20:14:22.327"/>
</kw>
<kw name="Click Element" library="SeleniumLibrary">
<arg>css:.sitemap a[href$="phartiyal"]</arg>
<doc>Click the element identified by ``locator``.</doc>
<msg timestamp="20230415 20:14:22.327" level="INFO">Clicking element 'css:.sitemap a[href$="phartiyal"]'.</msg>
<status status="PASS" starttime="20230415 20:14:22.327" endtime="20230415 20:14:22.491"/>
</kw>
<kw name="Element Should Be Enabled" library="SeleniumLibrary">
<arg>xpath://a[@alt="top-device-logo"]/img</arg>
<doc>Verifies that element identified by ``locator`` is enabled.</doc>
<status status="PASS" starttime="20230415 20:14:22.491" endtime="20230415 20:14:22.707"/>
</kw>
<status status="PASS" starttime="20230415 20:14:21.208" endtime="20230415 20:14:22.707"/>
</test>
<test id="s1-t18" name="Raheja" line="100">
<kw name="Go To" library="SeleniumLibrary">
<arg>${URL}</arg>
<doc>Navigates the current browser window to the provided ``url``.</doc>
<msg timestamp="20230415 20:14:22.708" level="INFO">Opening url 'https://www.baaqmd.gov/sitemap'</msg>
<status status="PASS" starttime="20230415 20:14:22.708" endtime="20230415 20:14:23.867"/>
</kw>
<kw name="Click Element" library="SeleniumLibrary">
<arg>css:.sitemap a[href$="raheja"]</arg>
<doc>Click the element identified by ``locator``.</doc>
<msg timestamp="20230415 20:14:23.868" level="INFO">Clicking element 'css:.sitemap a[href$="raheja"]'.</msg>
<status status="PASS" starttime="20230415 20:14:23.868" endtime="20230415 20:14:24.973"/>
</kw>
<kw name="Element Should Be Enabled" library="SeleniumLibrary">
<arg>xpath://a[@alt="top-device-logo"]/img</arg>
<doc>Verifies that element identified by ``locator`` is enabled.</doc>
<status status="PASS" starttime="20230415 20:14:24.973" endtime="20230415 20:14:24.990"/>
</kw>
<status status="PASS" starttime="20230415 20:14:22.707" endtime="20230415 20:14:24.990"/>
</test>
<test id="s1-t19" name="Gina Solomon" line="105">
<kw name="Go To" library="SeleniumLibrary">
<arg>${URL}</arg>
<doc>Navigates the current browser window to the provided ``url``.</doc>
<msg timestamp="20230415 20:14:24.991" level="INFO">Opening url 'https://www.baaqmd.gov/sitemap'</msg>
<status status="PASS" starttime="20230415 20:14:24.991" endtime="20230415 20:14:26.118"/>
</kw>
<kw name="Click Element" library="SeleniumLibrary">
<arg>css:.sitemap a[href$="solomon"]</arg>
<doc>Click the element identified by ``locator``.</doc>
<msg timestamp="20230415 20:14:26.118" level="INFO">Clicking element 'css:.sitemap a[href$="solomon"]'.</msg>
<status status="PASS" starttime="20230415 20:14:26.118" endtime="20230415 20:14:27.229"/>
</kw>
<kw name="Element Should Be Enabled" library="SeleniumLibrary">
<arg>xpath://a[@alt="top-device-logo"]/img</arg>
<doc>Verifies that element identified by ``locator`` is enabled.</doc>
<status status="PASS" starttime="20230415 20:14:27.229" endtime="20230415 20:14:27.244"/>
</kw>
<status status="PASS" starttime="20230415 20:14:24.991" endtime="20230415 20:14:27.244"/>
</test>
<test id="s1-t20" name="Stan Hayes" line="110">
<kw name="Go To" library="SeleniumLibrary">
<arg>${URL}</arg>
<doc>Navigates the current browser window to the provided ``url``.</doc>
<msg timestamp="20230415 20:14:27.244" level="INFO">Opening url 'https://www.baaqmd.gov/sitemap'</msg>
<status status="PASS" starttime="20230415 20:14:27.244" endtime="20230415 20:14:28.462"/>
</kw>
<kw name="Click Element" library="SeleniumLibrary">
<arg>css:.sitemap a[href$="hayes"]</arg>
<doc>Click the element identified by ``locator``.</doc>
<msg timestamp="20230415 20:14:28.462" level="INFO">Clicking element 'css:.sitemap a[href$="hayes"]'.</msg>
<status status="PASS" starttime="20230415 20:14:28.462" endtime="20230415 20:14:29.555"/>
</kw>
<kw name="Sleep" library="BuiltIn">
<arg>3s</arg>
<doc>Pauses the test executed for the given time.</doc>
<msg timestamp="20230415 20:14:32.557" level="INFO">Slept 3 seconds</msg>
<status status="PASS" starttime="20230415 20:14:29.556" endtime="20230415 20:14:32.559"/>
</kw>
<kw name="Element Should Be Enabled" library="SeleniumLibrary">
<arg>xpath://a[@alt="top-device-logo"]/img</arg>
<doc>Verifies that element identified by ``locator`` is enabled.</doc>
<status status="PASS" starttime="20230415 20:14:32.559" endtime="20230415 20:14:32.592"/>
</kw>
<status status="PASS" starttime="20230415 20:14:27.244" endtime="20230415 20:14:32.592"/>
</test>
<test id="s1-t21" name="Linda Rudolph" line="117">
<kw name="Go To" library="SeleniumLibrary">
<arg>${URL}</arg>
<doc>Navigates the current browser window to the provided ``url``.</doc>
<msg timestamp="20230415 20:14:32.592" level="INFO">Opening url 'https://www.baaqmd.gov/sitemap'</msg>
<status status="PASS" starttime="20230415 20:14:32.592" endtime="20230415 20:14:33.818"/>
</kw>
<kw name="Click Element" library="SeleniumLibrary">
<arg>css:.sitemap a[href$="rudolph"]</arg>
<doc>Click the element identified by ``locator``.</doc>
<msg timestamp="20230415 20:14:33.819" level="INFO">Clicking element 'css:.sitemap a[href$="rudolph"]'.</msg>
<status status="PASS" starttime="20230415 20:14:33.819" endtime="20230415 20:14:34.957"/>
</kw>
<kw name="Element Should Be Enabled" library="SeleniumLibrary">
<arg>xpath://a[@alt="top-device-logo"]/img</arg>
<doc>Verifies that element identified by ``locator`` is enabled.</doc>
<status status="PASS" starttime="20230415 20:14:34.957" endtime="20230415 20:14:34.973"/>
</kw>
<status status="PASS" starttime="20230415 20:14:32.592" endtime="20230415 20:14:34.973"/>
</test>
<test id="s1-t22" name="Community Advisory Council" line="122">
<kw name="Go To" library="SeleniumLibrary">
<arg>${URL}</arg>
<doc>Navigates the current browser window to the provided ``url``.</doc>
<msg timestamp="20230415 20:14:34.974" level="INFO">Opening url 'https://www.baaqmd.gov/sitemap'</msg>
<status status="PASS" starttime="20230415 20:14:34.973" endtime="20230415 20:14:36.115"/>
</kw>
<kw name="Click Element" library="SeleniumLibrary">
<arg>css:.sitemap a[href$="about-the-air-district/community-advisory-council"]</arg>
<doc>Click the element identified by ``locator``.</doc>
<msg timestamp="20230415 20:14:36.116" level="INFO">Clicking element 'css:.sitemap a[href$="about-the-air-district/community-advisory-council"]'.</msg>
<status status="PASS" starttime="20230415 20:14:36.115" endtime="20230415 20:14:37.708"/>
</kw>
<kw name="Element Should Be Enabled" library="SeleniumLibrary">
<arg>xpath://a[@alt="top-device-logo"]/img</arg>
<doc>Verifies that element identified by ``locator`` is enabled.</doc>
<status status="PASS" starttime="20230415 20:14:37.708" endtime="20230415 20:14:37.722"/>
</kw>
<status status="PASS" starttime="20230415 20:14:34.973" endtime="20230415 20:14:37.722"/>
</test>
<test id="s1-t23" name="Agendas &amp; Reports" line="127">
<kw name="Go To" library="SeleniumLibrary">
<arg>${URL}</arg>
<doc>Navigates the current browser window to the provided ``url``.</doc>
<msg timestamp="20230415 20:14:37.724" level="INFO">Opening url 'https://www.baaqmd.gov/sitemap'</msg>
<status status="PASS" starttime="20230415 20:14:37.724" endtime="20230415 20:14:38.923"/>
</kw>
<kw name="Click Element" library="SeleniumLibrary">
<arg>css:.sitemap a[href$="community-advisory-council/agendasreports"]</arg>
<doc>Click the element identified by ``locator``.</doc>
<msg timestamp="20230415 20:14:38.923" level="INFO">Clicking element 'css:.sitemap a[href$="community-advisory-council/agendasreports"]'.</msg>
<status status="PASS" starttime="20230415 20:14:38.923" endtime="20230415 20:14:41.779"/>
</kw>
<kw name="Element Should Be Enabled" library="SeleniumLibrary">
<arg>xpath://a[@alt="top-device-logo"]/img</arg>
<doc>Verifies that element identified by ``locator`` is enabled.</doc>
<status status="PASS" starttime="20230415 20:14:41.779" endtime="20230415 20:14:41.796"/>
</kw>
<status status="PASS" starttime="20230415 20:14:37.723" endtime="20230415 20:14:41.796"/>
</test>
<test id="s1-t24" name="Dr. Juan Aguilera" line="132">
<kw name="Go To" library="SeleniumLibrary">
<arg>${URL}</arg>
<doc>Navigates the current browser window to the provided ``url``.</doc>
<msg timestamp="20230415 20:14:41.796" level="INFO">Opening url 'https://www.baaqmd.gov/sitemap'</msg>
<status status="PASS" starttime="20230415 20:14:41.796" endtime="20230415 20:14:42.926"/>
</kw>
<kw name="Click Element" library="SeleniumLibrary">
<arg>css:.sitemap a[href$="aguilera"]</arg>
<doc>Click the element identified by ``locator``.</doc>
<msg timestamp="20230415 20:14:42.926" level="INFO">Clicking element 'css:.sitemap a[href$="aguilera"]'.</msg>
<status status="PASS" starttime="20230415 20:14:42.926" endtime="20230415 20:14:44.203"/>
</kw>
<kw name="Element Should Be Enabled" library="SeleniumLibrary">
<arg>xpath://a[@alt="top-device-logo"]/img</arg>
<doc>Verifies that element identified by ``locator`` is enabled.</doc>
<status status="PASS" starttime="20230415 20:14:44.203" endtime="20230415 20:14:44.218"/>
</kw>
<status status="PASS" starttime="20230415 20:14:41.796" endtime="20230415 20:14:44.218"/>
</test>
<test id="s1-t25" name="Fernando Campos" line="137">
<kw name="Go To" library="SeleniumLibrary">
<arg>${URL}</arg>
<doc>Navigates the current browser window to the provided ``url``.</doc>
<msg timestamp="20230415 20:14:44.218" level="INFO">Opening url 'https://www.baaqmd.gov/sitemap'</msg>
<status status="PASS" starttime="20230415 20:14:44.218" endtime="20230415 20:14:45.365"/>
</kw>
<kw name="Click Element" library="SeleniumLibrary">
<arg>css:.sitemap a[href$="campos"]</arg>
<doc>Click the element identified by ``locator``.</doc>
<msg timestamp="20230415 20:14:45.365" level="INFO">Clicking element 'css:.sitemap a[href$="campos"]'.</msg>
<status status="PASS" starttime="20230415 20:14:45.365" endtime="20230415 20:14:46.609"/>
</kw>
<kw name="Element Should Be Enabled" library="SeleniumLibrary">
<arg>xpath://a[@alt="top-device-logo"]/img</arg>
<doc>Verifies that element identified by ``locator`` is enabled.</doc>
<status status="PASS" starttime="20230415 20:14:46.609" endtime="20230415 20:14:46.691"/>
</kw>
<status status="PASS" starttime="20230415 20:14:44.218" endtime="20230415 20:14:46.691"/>
</test>
<test id="s1-t26" name="William Goodwin" line="142">
<kw name="Go To" library="SeleniumLibrary">
<arg>${URL}</arg>
<doc>Navigates the current browser window to the provided ``url``.</doc>
<msg timestamp="20230415 20:14:46.692" level="INFO">Opening url 'https://www.baaqmd.gov/sitemap'</msg>
<status status="PASS" starttime="20230415 20:14:46.692" endtime="20230415 20:14:47.819"/>
</kw>
<kw name="Click Element" library="SeleniumLibrary">
<arg>css:.sitemap a[href$="goodwin"]</arg>
<doc>Click the element identified by ``locator``.</doc>
<msg timestamp="20230415 20:14:47.819" level="INFO">Clicking element 'css:.sitemap a[href$="goodwin"]'.</msg>
<status status="PASS" starttime="20230415 20:14:47.819" endtime="20230415 20:14:48.957"/>
</kw>
<kw name="Element Should Be Enabled" library="SeleniumLibrary">
<arg>xpath://a[@alt="top-device-logo"]/img</arg>
<doc>Verifies that element identified by ``locator`` is enabled.</doc>
<status status="PASS" starttime="20230415 20:14:48.957" endtime="20230415 20:14:48.974"/>
</kw>
<status status="PASS" starttime="20230415 20:14:46.691" endtime="20230415 20:14:48.974"/>
</test>
<test id="s1-t27" name="Ms. Margaret Gordon" line="147">
<kw name="Go To" library="SeleniumLibrary">
<arg>${URL}</arg>
<doc>Navigates the current browser window to the provided ``url``.</doc>
<msg timestamp="20230415 20:14:48.975" level="INFO">Opening url 'https://www.baaqmd.gov/sitemap'</msg>
<status status="PASS" starttime="20230415 20:14:48.975" endtime="20230415 20:14:50.113"/>
</kw>
<kw name="Click Element" library="SeleniumLibrary">
<arg>css:.sitemap a[href$="gordon"]</arg>
<doc>Click the element identified by ``locator``.</doc>
<msg timestamp="20230415 20:14:50.114" level="INFO">Clicking element 'css:.sitemap a[href$="gordon"]'.</msg>
<status status="PASS" starttime="20230415 20:14:50.114" endtime="20230415 20:14:51.234"/>
</kw>
<kw name="Element Should Be Enabled" library="SeleniumLibrary">
<arg>xpath://a[@alt="top-device-logo"]/img</arg>
<doc>Verifies that element identified by ``locator`` is enabled.</doc>
<status status="PASS" starttime="20230415 20:14:51.235" endtime="20230415 20:14:51.250"/>
</kw>
<status status="PASS" starttime="20230415 20:14:48.975" endtime="20230415 20:14:51.251"/>
</test>
<test id="s1-t28" name="Arieann Harrison" line="152">
<kw name="Go To" library="SeleniumLibrary">
<arg>${URL}</arg>
<doc>Navigates the current browser window to the provided ``url``.</doc>
<msg timestamp="20230415 20:14:51.251" level="INFO">Opening url 'https://www.baaqmd.gov/sitemap'</msg>
<status status="PASS" starttime="20230415 20:14:51.251" endtime="20230415 20:14:52.402"/>
</kw>
<kw name="Click Element" library="SeleniumLibrary">
<arg>css:.sitemap a[href$="harrison"]</arg>
<doc>Click the element identified by ``locator``.</doc>
<msg timestamp="20230415 20:14:52.403" level="INFO">Clicking element 'css:.sitemap a[href$="harrison"]'.</msg>
<status status="PASS" starttime="20230415 20:14:52.402" endtime="20230415 20:14:53.486"/>
</kw>
<kw name="Element Should Be Enabled" library="SeleniumLibrary">
<arg>xpath://a[@alt="top-device-logo"]/img</arg>
<doc>Verifies that element identified by ``locator`` is enabled.</doc>
<status status="PASS" starttime="20230415 20:14:53.487" endtime="20230415 20:14:53.504"/>
</kw>
<status status="PASS" starttime="20230415 20:14:51.251" endtime="20230415 20:14:53.504"/>
</test>
<test id="s1-t29" name="Kevin G. Ruano Hernandez" line="157">
<kw name="Go To" library="SeleniumLibrary">
<arg>${URL}</arg>
<doc>Navigates the current browser window to the provided ``url``.</doc>
<msg timestamp="20230415 20:14:53.505" level="INFO">Opening url 'https://www.baaqmd.gov/sitemap'</msg>
<status status="PASS" starttime="20230415 20:14:53.505" endtime="20230415 20:14:54.662"/>
</kw>
<kw name="Click Element" library="SeleniumLibrary">
<arg>css:.sitemap a[href$="hernandez"]</arg>
<doc>Click the element identified by ``locator``.</doc>
<msg timestamp="20230415 20:14:54.662" level="INFO">Clicking element 'css:.sitemap a[href$="hernandez"]'.</msg>
<status status="PASS" starttime="20230415 20:14:54.662" endtime="20230415 20:14:55.760"/>
</kw>
<kw name="Element Should Be Enabled" library="SeleniumLibrary">
<arg>xpath://a[@alt="top-device-logo"]/img</arg>
<doc>Verifies that element identified by ``locator`` is enabled.</doc>
<status status="PASS" starttime="20230415 20:14:55.760" endtime="20230415 20:14:55.774"/>
</kw>
<status status="PASS" starttime="20230415 20:14:53.505" endtime="20230415 20:14:55.774"/>
</test>
<test id="s1-t30" name="John Kevin Jefferson III" line="162">
<kw name="Go To" library="SeleniumLibrary">
<arg>${URL}</arg>
<doc>Navigates the current browser window to the provided ``url``.</doc>
<msg timestamp="20230415 20:14:55.775" level="INFO">Opening url 'https://www.baaqmd.gov/sitemap'</msg>
<status status="PASS" starttime="20230415 20:14:55.775" endtime="20230415 20:14:56.909"/>
</kw>
<kw name="Click Element" library="SeleniumLibrary">
<arg>css:.sitemap a[href$="jefferson"]</arg>
<doc>Click the element identified by ``locator``.</doc>
<msg timestamp="20230415 20:14:56.909" level="INFO">Clicking element 'css:.sitemap a[href$="jefferson"]'.</msg>
<status status="PASS" starttime="20230415 20:14:56.909" endtime="20230415 20:14:58.016"/>
</kw>
<kw name="Element Should Be Enabled" library="SeleniumLibrary">
<arg>xpath://a[@alt="top-device-logo"]/img</arg>
<doc>Verifies that element identified by ``locator`` is enabled.</doc>
<status status="PASS" starttime="20230415 20:14:58.017" endtime="20230415 20:14:58.049"/>
</kw>
<status status="PASS" starttime="20230415 20:14:55.775" endtime="20230415 20:14:58.049"/>
</test>
<test id="s1-t31" name="Joy Massey" line="167">
<kw name="Go To" library="SeleniumLibrary">
<arg>${URL}</arg>
<doc>Navigates the current browser window to the provided ``url``.</doc>
<msg timestamp="20230415 20:14:58.050" level="INFO">Opening url 'https://www.baaqmd.gov/sitemap'</msg>
<status status="PASS" starttime="20230415 20:14:58.050" endtime="20230415 20:14:59.193"/>
</kw>
<kw name="Click Element" library="SeleniumLibrary">
<arg>css:.sitemap a[href$="massey"]</arg>
<doc>Click the element identified by ``locator``.</doc>
<msg timestamp="20230415 20:14:59.193" level="INFO">Clicking element 'css:.sitemap a[href$="massey"]'.</msg>
<status status="PASS" starttime="20230415 20:14:59.193" endtime="20230415 20:15:00.327"/>
</kw>
<kw name="Element Should Be Enabled" library="SeleniumLibrary">
<arg>xpath://a[@alt="top-device-logo"]/img</arg>
<doc>Verifies that element identified by ``locator`` is enabled.</doc>
<status status="PASS" starttime="20230415 20:15:00.327" endtime="20230415 20:15:00.348"/>
</kw>
<status status="PASS" starttime="20230415 20:14:58.050" endtime="20230415 20:15:00.348"/>
</test>
<test id="s1-t32" name="Mejia" line="172">
<kw name="Go To" library="SeleniumLibrary">
<arg>${URL}</arg>
<doc>Navigates the current browser window to the provided ``url``.</doc>
<msg timestamp="20230415 20:15:00.348" level="INFO">Opening url 'https://www.baaqmd.gov/sitemap'</msg>
<status status="PASS" starttime="20230415 20:15:00.348" endtime="20230415 20:15:01.507"/>
</kw>
<kw name="Click Element" library="SeleniumLibrary">
<arg>css:.sitemap a[href$="mejia"]</arg>
<doc>Click the element identified by ``locator``.</doc>
<msg timestamp="20230415 20:15:01.507" level="INFO">Clicking element 'css:.sitemap a[href$="mejia"]'.</msg>
<status status="PASS" starttime="20230415 20:15:01.507" endtime="20230415 20:15:02.604"/>
</kw>
<kw name="Element Should Be Enabled" library="SeleniumLibrary">
<arg>xpath://a[@alt="top-device-logo"]/img</arg>
<doc>Verifies that element identified by ``locator`` is enabled.</doc>
<status status="PASS" starttime="20230415 20:15:02.604" endtime="20230415 20:15:02.657"/>
</kw>
<status status="PASS" starttime="20230415 20:15:00.348" endtime="20230415 20:15:02.658"/>
</test>
<test id="s1-t33" name="Hana Mendoza" line="177">
<kw name="Go To" library="SeleniumLibrary">
<arg>${URL}</arg>
<doc>Navigates the current browser window to the provided ``url``.</doc>
<msg timestamp="20230415 20:15:02.658" level="INFO">Opening url 'https://www.baaqmd.gov/sitemap'</msg>
<status status="PASS" starttime="20230415 20:15:02.658" endtime="20230415 20:15:03.778"/>
</kw>
<kw name="Click Element" library="SeleniumLibrary">
<arg>css:.sitemap a[href$="mendoza"]</arg>
<doc>Click the element identified by ``locator``.</doc>
<msg timestamp="20230415 20:15:03.779" level="INFO">Clicking element 'css:.sitemap a[href$="mendoza"]'.</msg>
<status status="PASS" starttime="20230415 20:15:03.778" endtime="20230415 20:15:04.879"/>
</kw>
<kw name="Element Should Be Enabled" library="SeleniumLibrary">
<arg>xpath://a[@alt="top-device-logo"]/img</arg>
<doc>Verifies that element identified by ``locator`` is enabled.</doc>
<status status="PASS" starttime="20230415 20:15:04.879" endtime="20230415 20:15:04.902"/>
</kw>
<status status="PASS" starttime="20230415 20:15:02.658" endtime="20230415 20:15:04.902"/>
</test>
<test id="s1-t34" name="Rio Molina" line="182">
<kw name="Go To" library="SeleniumLibrary">
<arg>${URL}</arg>
<doc>Navigates the current browser window to the provided ``url``.</doc>
<msg timestamp="20230415 20:15:04.902" level="INFO">Opening url 'https://www.baaqmd.gov/sitemap'</msg>
<status status="PASS" starttime="20230415 20:15:04.902" endtime="20230415 20:15:06.034"/>
</kw>
<kw name="Click Element" library="SeleniumLibrary">
<arg>css:.sitemap a[href$="molina"]</arg>
<doc>Click the element identified by ``locator``.</doc>
<msg timestamp="20230415 20:15:06.035" level="INFO">Clicking element 'css:.sitemap a[href$="molina"]'.</msg>
<status status="PASS" starttime="20230415 20:15:06.034" endtime="20230415 20:15:07.128"/>
</kw>
<kw name="Element Should Be Enabled" library="SeleniumLibrary">
<arg>xpath://a[@alt="top-device-logo"]/img</arg>
<doc>Verifies that element identified by ``locator`` is enabled.</doc>
<status status="PASS" starttime="20230415 20:15:07.128" endtime="20230415 20:15:07.143"/>
</kw>
<status status="PASS" starttime="20230415 20:15:04.902" endtime="20230415 20:15:07.143"/>
</test>
<test id="s1-t35" name="Mayra Pelagio" line="187">
<kw name="Go To" library="SeleniumLibrary">
<arg>${URL}</arg>
<doc>Navigates the current browser window to the provided ``url``.</doc>
<msg timestamp="20230415 20:15:07.144" level="INFO">Opening url 'https://www.baaqmd.gov/sitemap'</msg>
<status status="PASS" starttime="20230415 20:15:07.144" endtime="20230415 20:15:08.310"/>
</kw>
<kw name="Click Element" library="SeleniumLibrary">
<arg>css:.sitemap a[href$="pelagio"]</arg>
<doc>Click the element identified by ``locator``.</doc>
<msg timestamp="20230415 20:15:08.311" level="INFO">Clicking element 'css:.sitemap a[href$="pelagio"]'.</msg>
<status status="PASS" starttime="20230415 20:15:08.310" endtime="20230415 20:15:09.414"/>
</kw>
<kw name="Element Should Be Enabled" library="SeleniumLibrary">
<arg>xpath://a[@alt="top-device-logo"]/img</arg>
<doc>Verifies that element identified by ``locator`` is enabled.</doc>
<status status="PASS" starttime="20230415 20:15:09.414" endtime="20230415 20:15:09.430"/>
</kw>
<status status="PASS" starttime="20230415 20:15:07.144" endtime="20230415 20:15:09.430"/>
</test>
<test id="s1-t36" name="Charles Reed" line="192">
<kw name="Go To" library="SeleniumLibrary">
<arg>${URL}</arg>
<doc>Navigates the current browser window to the provided ``url``.</doc>
<msg timestamp="20230415 20:15:09.430" level="INFO">Opening url 'https://www.baaqmd.gov/sitemap'</msg>
<status status="PASS" starttime="20230415 20:15:09.430" endtime="20230415 20:15:10.558"/>
</kw>
<kw name="Click Element" library="SeleniumLibrary">
<arg>css:.sitemap a[href$="reed"]</arg>
<doc>Click the element identified by ``locator``.</doc>
<msg timestamp="20230415 20:15:10.559" level="INFO">Clicking element 'css:.sitemap a[href$="reed"]'.</msg>
<status status="PASS" starttime="20230415 20:15:10.558" endtime="20230415 20:15:11.670"/>
</kw>
<kw name="Element Should Be Enabled" library="SeleniumLibrary">
<arg>xpath://a[@alt="top-device-logo"]/img</arg>
<doc>Verifies that element identified by ``locator`` is enabled.</doc>
<status status="PASS" starttime="20230415 20:15:11.670" endtime="20230415 20:15:11.709"/>
</kw>
<status status="PASS" starttime="20230415 20:15:09.430" endtime="20230415 20:15:11.710"/>
</test>
<test id="s1-t37" name="Ritterman" line="197">
<kw name="Go To" library="SeleniumLibrary">
<arg>${URL}</arg>
<doc>Navigates the current browser window to the provided ``url``.</doc>
<msg timestamp="20230415 20:15:11.710" level="INFO">Opening url 'https://www.baaqmd.gov/sitemap'</msg>
<status status="PASS" starttime="20230415 20:15:11.710" endtime="20230415 20:15:12.897"/>
</kw>
<kw name="Click Element" library="SeleniumLibrary">
<arg>css:.sitemap a[href$="ritterman"]</arg>
<doc>Click the element identified by ``locator``.</doc>
<msg timestamp="20230415 20:15:12.898" level="INFO">Clicking element 'css:.sitemap a[href$="ritterman"]'.</msg>
<status status="PASS" starttime="20230415 20:15:12.898" endtime="20230415 20:15:14.043"/>
</kw>
<kw name="Element Should Be Enabled" library="SeleniumLibrary">
<arg>xpath://a[@alt="top-device-logo"]/img</arg>
<doc>Verifies that element identified by ``locator`` is enabled.</doc>
<status status="PASS" starttime="20230415 20:15:14.043" endtime="20230415 20:15:14.060"/>
</kw>
<status status="PASS" starttime="20230415 20:15:11.710" endtime="20230415 20:15:14.060"/>
</test>
<test id="s1-t38" name="Ken Szutu" line="202">
<kw name="Go To" library="SeleniumLibrary">
<arg>${URL}</arg>
<doc>Navigates the current browser window to the provided ``url``.</doc>
<msg timestamp="20230415 20:15:14.061" level="INFO">Opening url 'https://www.baaqmd.gov/sitemap'</msg>
<status status="PASS" starttime="20230415 20:15:14.061" endtime="20230415 20:15:15.183"/>
</kw>
<kw name="Click Element" library="SeleniumLibrary">
<arg>css:.sitemap a[href$="szutu"]</arg>
<doc>Click the element identified by ``locator``.</doc>
<msg timestamp="20230415 20:15:15.183" level="INFO">Clicking element 'css:.sitemap a[href$="szutu"]'.</msg>
<status status="PASS" starttime="20230415 20:15:15.183" endtime="20230415 20:15:16.269"/>
</kw>
<kw name="Element Should Be Enabled" library="SeleniumLibrary">
<arg>xpath://a[@alt="top-device-logo"]/img</arg>
<doc>Verifies that element identified by ``locator`` is enabled.</doc>
<status status="PASS" starttime="20230415 20:15:16.269" endtime="20230415 20:15:16.283"/>
</kw>
<status status="PASS" starttime="20230415 20:15:14.060" endtime="20230415 20:15:16.283"/>
</test>
<test id="s1-t39" name="Latasha Washington" line="207">
<kw name="Go To" library="SeleniumLibrary">
<arg>${URL}</arg>
<doc>Navigates the current browser window to the provided ``url``.</doc>
<msg timestamp="20230415 20:15:16.284" level="INFO">Opening url 'https://www.baaqmd.gov/sitemap'</msg>
<status status="PASS" starttime="20230415 20:15:16.284" endtime="20230415 20:15:17.504"/>
</kw>
<kw name="Click Element" library="SeleniumLibrary">
<arg>css:.sitemap a[href$="washington"]</arg>
<doc>Click the element identified by ``locator``.</doc>
<msg timestamp="20230415 20:15:17.505" level="INFO">Clicking element 'css:.sitemap a[href$="washington"]'.</msg>
<status status="PASS" starttime="20230415 20:15:17.504" endtime="20230415 20:15:18.588"/>
</kw>
<kw name="Element Should Be Enabled" library="SeleniumLibrary">
<arg>xpath://a[@alt="top-device-logo"]/img</arg>
<doc>Verifies that element identified by ``locator`` is enabled.</doc>
<status status="PASS" starttime="20230415 20:15:18.588" endtime="20230415 20:15:18.613"/>
</kw>
<status status="PASS" starttime="20230415 20:15:16.283" endtime="20230415 20:15:18.613"/>
</test>
<test id="s1-t40" name="Violet Wulf-Saena" line="212">
<kw name="Go To" library="SeleniumLibrary">
<arg>${URL}</arg>
<doc>Navigates the current browser window to the provided ``url``.</doc>
<msg timestamp="20230415 20:15:18.613" level="INFO">Opening url 'https://www.baaqmd.gov/sitemap'</msg>
<status status="PASS" starttime="20230415 20:15:18.613" endtime="20230415 20:15:19.826"/>
</kw>
<kw name="Click Element" library="SeleniumLibrary">
<arg>css:.sitemap a[href$="wulf-saena"]</arg>
<doc>Click the element identified by ``locator``.</doc>
<msg timestamp="20230415 20:15:19.827" level="INFO">Clicking element 'css:.sitemap a[href$="wulf-saena"]'.</msg>
<status status="PASS" starttime="20230415 20:15:19.826" endtime="20230415 20:15:20.912"/>
</kw>
<kw name="Element Should Be Enabled" library="SeleniumLibrary">
<arg>xpath://a[@alt="top-device-logo"]/img</arg>
<doc>Verifies that element identified by ``locator`` is enabled.</doc>
<status status="PASS" starttime="20230415 20:15:20.912" endtime="20230415 20:15:20.928"/>
</kw>
<status status="PASS" starttime="20230415 20:15:18.613" endtime="20230415 20:15:20.928"/>
</test>
<test id="s1-t41" name="Hearing Board" line="217">
<kw name="Go To" library="SeleniumLibrary">
<arg>${URL}</arg>
<doc>Navigates the current browser window to the provided ``url``.</doc>
<msg timestamp="20230415 20:15:20.928" level="INFO">Opening url 'https://www.baaqmd.gov/sitemap'</msg>
<status status="PASS" starttime="20230415 20:15:20.928" endtime="20230415 20:15:22.122"/>
</kw>
<kw name="Click Element" library="SeleniumLibrary">
<arg>css:.sitemap a[href$="about-the-air-district/hearing-board"]</arg>
<doc>Click the element identified by ``locator``.</doc>
<msg timestamp="20230415 20:15:22.122" level="INFO">Clicking element 'css:.sitemap a[href$="about-the-air-district/hearing-board"]'.</msg>
<status status="PASS" starttime="20230415 20:15:22.122" endtime="20230415 20:15:23.628"/>
</kw>
<kw name="Element Should Be Enabled" library="SeleniumLibrary">
<arg>xpath://a[@alt="top-device-logo"]/img</arg>
<doc>Verifies that element identified by ``locator`` is enabled.</doc>
<status status="PASS" starttime="20230415 20:15:23.628" endtime="20230415 20:15:23.643"/>
</kw>
<status status="PASS" starttime="20230415 20:15:20.928" endtime="20230415 20:15:23.643"/>
</test>
<test id="s1-t42" name="Barbara Toole ONeil Bio" line="222">
<kw name="Go To" library="SeleniumLibrary">
<arg>${URL}</arg>
<doc>Navigates the current browser window to the provided ``url``.</doc>
<msg timestamp="20230415 20:15:23.644" level="INFO">Opening url 'https://www.baaqmd.gov/sitemap'</msg>
<status status="PASS" starttime="20230415 20:15:23.643" endtime="20230415 20:15:24.756"/>
</kw>
<kw name="Click Element" library="SeleniumLibrary">
<arg>css:.sitemap a[href$="barbara-toole-oneil-bio"]</arg>
<doc>Click the element identified by ``locator``.</doc>
<msg timestamp="20230415 20:15:24.756" level="INFO">Clicking element 'css:.sitemap a[href$="barbara-toole-oneil-bio"]'.</msg>
<status status="PASS" starttime="20230415 20:15:24.756" endtime="20230415 20:15:25.856"/>
</kw>
<kw name="Element Should Be Enabled" library="SeleniumLibrary">
<arg>xpath://a[@alt="top-device-logo"]/img</arg>
<doc>Verifies that element identified by ``locator`` is enabled.</doc>
<status status="PASS" starttime="20230415 20:15:25.856" endtime="20230415 20:15:25.873"/>
</kw>
<status status="PASS" starttime="20230415 20:15:23.643" endtime="20230415 20:15:25.873"/>
</test>
<test id="s1-t43" name="Peter Y. Chiu Bio" line="227">
<kw name="Go To" library="SeleniumLibrary">
<arg>${URL}</arg>
<doc>Navigates the current browser window to the provided ``url``.</doc>
<msg timestamp="20230415 20:15:25.874" level="INFO">Opening url 'https://www.baaqmd.gov/sitemap'</msg>
<status status="PASS" starttime="20230415 20:15:25.874" endtime="20230415 20:15:26.995"/>
</kw>
<kw name="Click Element" library="SeleniumLibrary">
<arg>css:.sitemap a[href$="peter-chiu-bio"]</arg>
<doc>Click the element identified by ``locator``.</doc>
<msg timestamp="20230415 20:15:26.996" level="INFO">Clicking element 'css:.sitemap a[href$="peter-chiu-bio"]'.</msg>
<status status="PASS" starttime="20230415 20:15:26.995" endtime="20230415 20:15:28.081"/>
</kw>
<kw name="Element Should Be Enabled" library="SeleniumLibrary">
<arg>xpath://a[@alt="top-device-logo"]/img</arg>
<doc>Verifies that element identified by ``locator`` is enabled.</doc>
<status status="PASS" starttime="20230415 20:15:28.081" endtime="20230415 20:15:28.120"/>
</kw>
<status status="PASS" starttime="20230415 20:15:25.874" endtime="20230415 20:15:28.120"/>
</test>
<test id="s1-t44" name="Valerie Armento Bio" line="232">
<kw name="Go To" library="SeleniumLibrary">
<arg>${URL}</arg>
<doc>Navigates the current browser window to the provided ``url``.</doc>
<msg timestamp="20230415 20:15:28.121" level="INFO">Opening url 'https://www.baaqmd.gov/sitemap'</msg>
<status status="PASS" starttime="20230415 20:15:28.120" endtime="20230415 20:15:29.514"/>
</kw>
<kw name="Click Element" library="SeleniumLibrary">
<arg>css:.sitemap a[href$="valerie-armento-bio"]</arg>
<doc>Click the element identified by ``locator``.</doc>
<msg timestamp="20230415 20:15:29.515" level="INFO">Clicking element 'css:.sitemap a[href$="valerie-armento-bio"]'.</msg>
<status status="PASS" starttime="20230415 20:15:29.514" endtime="20230415 20:15:30.624"/>
</kw>
<kw name="Sleep" library="BuiltIn">
<arg>3s</arg>
<doc>Pauses the test executed for the given time.</doc>
<msg timestamp="20230415 20:15:33.625" level="INFO">Slept 3 seconds</msg>
<status status="PASS" starttime="20230415 20:15:30.624" endtime="20230415 20:15:33.625"/>
</kw>
<kw name="Element Should Be Enabled" library="SeleniumLibrary">
<arg>xpath://a[@alt="top-device-logo"]/img</arg>
<doc>Verifies that element identified by ``locator`` is enabled.</doc>
<status status="PASS" starttime="20230415 20:15:33.625" endtime="20230415 20:15:33.645"/>
</kw>
<status status="PASS" starttime="20230415 20:15:28.120" endtime="20230415 20:15:33.645"/>
</test>
<test id="s1-t45" name="Amelia Timbers" line="238">
<kw name="Go To" library="SeleniumLibrary">
<arg>${URL}</arg>
<doc>Navigates the current browser window to the provided ``url``.</doc>
<msg timestamp="20230415 20:15:33.646" level="INFO">Opening url 'https://www.baaqmd.gov/sitemap'</msg>
<status status="PASS" starttime="20230415 20:15:33.646" endtime="20230415 20:15:34.978"/>
</kw>
<kw name="Click Element" library="SeleniumLibrary">
<arg>css:.sitemap a[href$="amelia-timbers"]</arg>
<doc>Click the element identified by ``locator``.</doc>
<msg timestamp="20230415 20:15:34.978" level="INFO">Clicking element 'css:.sitemap a[href$="amelia-timbers"]'.</msg>
<status status="PASS" starttime="20230415 20:15:34.978" endtime="20230415 20:15:36.177"/>
</kw>
<kw name="Element Should Be Enabled" library="SeleniumLibrary">
<arg>xpath://a[@alt="top-device-logo"]/img</arg>
<doc>Verifies that element identified by ``locator`` is enabled.</doc>
<status status="PASS" starttime="20230415 20:15:36.177" endtime="20230415 20:15:36.193"/>
</kw>
<status status="PASS" starttime="20230415 20:15:33.646" endtime="20230415 20:15:36.193"/>
</test>
<test id="s1-t46" name="Hearing Board Rules and Forms" line="243">
<kw name="Go To" library="SeleniumLibrary">
<arg>${URL}</arg>
<doc>Navigates the current browser window to the provided ``url``.</doc>
<msg timestamp="20230415 20:15:36.193" level="INFO">Opening url 'https://www.baaqmd.gov/sitemap'</msg>
<status status="PASS" starttime="20230415 20:15:36.193" endtime="20230415 20:15:37.338"/>
</kw>
<kw name="Click Element" library="SeleniumLibrary">
<arg>css:.sitemap a[href$="rulesforms"]</arg>
<doc>Click the element identified by ``locator``.</doc>
<msg timestamp="20230415 20:15:37.338" level="INFO">Clicking element 'css:.sitemap a[href$="rulesforms"]'.</msg>
<status status="PASS" starttime="20230415 20:15:37.338" endtime="20230415 20:15:38.474"/>
</kw>
<kw name="Element Should Be Enabled" library="SeleniumLibrary">
<arg>xpath://a[@alt="top-device-logo"]/img</arg>
<doc>Verifies that element identified by ``locator`` is enabled.</doc>
<status status="PASS" starttime="20230415 20:15:38.474" endtime="20230415 20:15:38.490"/>
</kw>
<status status="PASS" starttime="20230415 20:15:36.193" endtime="20230415 20:15:38.490"/>
</test>
<test id="s1-t47" name="Air District Leadership" line="248">
<kw name="Go To" library="SeleniumLibrary">
<arg>${URL}</arg>
<doc>Navigates the current browser window to the provided ``url``.</doc>
<msg timestamp="20230415 20:15:38.491" level="INFO">Opening url 'https://www.baaqmd.gov/sitemap'</msg>
<status status="PASS" starttime="20230415 20:15:38.491" endtime="20230415 20:15:39.646"/>
</kw>
<kw name="Click Element" library="SeleniumLibrary">
<arg>css:.sitemap a[href$="air-district-leadership"]</arg>
<doc>Click the element identified by ``locator``.</doc>
<msg timestamp="20230415 20:15:39.647" level="INFO">Clicking element 'css:.sitemap a[href$="air-district-leadership"]'.</msg>
<status status="PASS" starttime="20230415 20:15:39.646" endtime="20230415 20:15:40.759"/>
</kw>
<kw name="Sleep" library="BuiltIn">
<arg>3s</arg>
<doc>Pauses the test executed for the given time.</doc>
<msg timestamp="20230415 20:15:43.760" level="INFO">Slept 3 seconds</msg>
<status status="PASS" starttime="20230415 20:15:40.759" endtime="20230415 20:15:43.761"/>
</kw>
<kw name="Element Should Be Enabled" library="SeleniumLibrary">
<arg>xpath://a[@alt="top-device-logo"]/img</arg>
<doc>Verifies that element identified by ``locator`` is enabled.</doc>
<status status="PASS" starttime="20230415 20:15:43.762" endtime="20230415 20:15:43.797"/>
</kw>
<status status="PASS" starttime="20230415 20:15:38.491" endtime="20230415 20:15:43.797"/>
</test>
<test id="s1-t48" name="Bay Area Clean Air Foundation" line="254">
<kw name="Go To" library="SeleniumLibrary">
<arg>${URL}</arg>
<doc>Navigates the current browser window to the provided ``url``.</doc>
<msg timestamp="20230415 20:15:43.798" level="INFO">Opening url 'https://www.baaqmd.gov/sitemap'</msg>
<status status="PASS" starttime="20230415 20:15:43.798" endtime="20230415 20:15:44.986"/>
</kw>
<kw name="Click Element" library="SeleniumLibrary">
<arg>css:.sitemap a[href$="bay-area-clean-air-foundation"]</arg>
<doc>Click the element identified by ``locator``.</doc>
<msg timestamp="20230415 20:15:44.987" level="INFO">Clicking element 'css:.sitemap a[href$="bay-area-clean-air-foundation"]'.</msg>
<status status="PASS" starttime="20230415 20:15:44.986" endtime="20230415 20:15:46.093"/>
</kw>
<kw name="Element Should Be Enabled" library="SeleniumLibrary">
<arg>xpath://a[@alt="top-device-logo"]/img</arg>
<doc>Verifies that element identified by ``locator`` is enabled.</doc>
<status status="PASS" starttime="20230415 20:15:46.093" endtime="20230415 20:15:46.110"/>
</kw>
<status status="PASS" starttime="20230415 20:15:43.797" endtime="20230415 20:15:46.110"/>
</test>
<test id="s1-t49" name="Departments" line="259">
<kw name="Go To" library="SeleniumLibrary">
<arg>${URL}</arg>
<doc>Navigates the current browser window to the provided ``url``.</doc>
<msg timestamp="20230415 20:15:46.111" level="INFO">Opening url 'https://www.baaqmd.gov/sitemap'</msg>
<status status="PASS" starttime="20230415 20:15:46.110" endtime="20230415 20:15:47.237"/>
</kw>
<kw name="Click Element" library="SeleniumLibrary">
<arg>css:.sitemap a[href$="about-the-air-district/departments"]</arg>
<doc>Click the element identified by ``locator``.</doc>
<msg timestamp="20230415 20:15:47.237" level="INFO">Clicking element 'css:.sitemap a[href$="about-the-air-district/departments"]'.</msg>
<status status="PASS" starttime="20230415 20:15:47.237" endtime="20230415 20:15:48.382"/>
</kw>
<kw name="Element Should Be Enabled" library="SeleniumLibrary">
<arg>xpath://a[@alt="top-device-logo"]/img</arg>
<doc>Verifies that element identified by ``locator`` is enabled.</doc>
<status status="PASS" starttime="20230415 20:15:48.382" endtime="20230415 20:15:48.398"/>
</kw>
<status status="PASS" starttime="20230415 20:15:46.110" endtime="20230415 20:15:48.399"/>
</test>
<test id="s1-t50" name="Diversity, Equity and Inclusion" line="264">
<kw name="Go To" library="SeleniumLibrary">
<arg>${URL}</arg>
<doc>Navigates the current browser window to the provided ``url``.</doc>
<msg timestamp="20230415 20:15:48.399" level="INFO">Opening url 'https://www.baaqmd.gov/sitemap'</msg>
<status status="PASS" starttime="20230415 20:15:48.399" endtime="20230415 20:15:49.704"/>
</kw>
<kw name="Click Element" library="SeleniumLibrary">
<arg>css:.sitemap a[href$="diversity-equity-and-inclusion"]</arg>
<doc>Click the element identified by ``locator``.</doc>
<msg timestamp="20230415 20:15:49.705" level="INFO">Clicking element 'css:.sitemap a[href$="diversity-equity-and-inclusion"]'.</msg>
<status status="PASS" starttime="20230415 20:15:49.704" endtime="20230415 20:15:51.308"/>
</kw>
<kw name="Element Should Be Enabled" library="SeleniumLibrary">
<arg>xpath://a[@alt="top-device-logo"]/img</arg>
<doc>Verifies that element identified by ``locator`` is enabled.</doc>
<status status="PASS" starttime="20230415 20:15:51.308" endtime="20230415 20:15:51.327"/>
</kw>
<status status="PASS" starttime="20230415 20:15:48.399" endtime="20230415 20:15:51.327"/>
</test>
<test id="s1-t51" name="Accessibility" line="269">
<kw name="Go To" library="SeleniumLibrary">
<arg>${URL}</arg>
<doc>Navigates the current browser window to the provided ``url``.</doc>
<msg timestamp="20230415 20:15:51.328" level="INFO">Opening url 'https://www.baaqmd.gov/sitemap'</msg>
<status status="PASS" starttime="20230415 20:15:51.328" endtime="20230415 20:15:52.465"/>
</kw>
<kw name="Click Element" library="SeleniumLibrary">
<arg>css:.sitemap a[href$="accessibility"]</arg>
<doc>Click the element identified by ``locator``.</doc>
<msg timestamp="20230415 20:15:52.465" level="INFO">Clicking element 'css:.sitemap a[href$="accessibility"]'.</msg>
<status status="PASS" starttime="20230415 20:15:52.465" endtime="20230415 20:15:52.506"/>
</kw>
<kw name="Element Should Be Enabled" library="SeleniumLibrary">
<arg>xpath://a[@alt="top-device-logo"]/img</arg>
<doc>Verifies that element identified by ``locator`` is enabled.</doc>
<status status="PASS" starttime="20230415 20:15:52.506" endtime="20230415 20:15:52.528"/>
</kw>
<status status="PASS" starttime="20230415 20:15:51.327" endtime="20230415 20:15:52.528"/>
</test>
<test id="s1-t52" name="History of Air District" line="274">
<kw name="Go To" library="SeleniumLibrary">
<arg>${URL}</arg>
<doc>Navigates the current browser window to the provided ``url``.</doc>
<msg timestamp="20230415 20:15:52.529" level="INFO">Opening url 'https://www.baaqmd.gov/sitemap'</msg>
<status status="PASS" starttime="20230415 20:15:52.529" endtime="20230415 20:15:53.664"/>
</kw>
<kw name="Click Element" library="SeleniumLibrary">
<arg>css:.sitemap a[href$="history-of-air-district"]</arg>
<doc>Click the element identified by ``locator``.</doc>
<msg timestamp="20230415 20:15:53.665" level="INFO">Clicking element 'css:.sitemap a[href$="history-of-air-district"]'.</msg>
<status status="PASS" starttime="20230415 20:15:53.665" endtime="20230415 20:15:54.819"/>
</kw>
<kw name="Element Should Be Enabled" library="SeleniumLibrary">
<arg>xpath://a[@alt="top-device-logo"]/img</arg>
<doc>Verifies that element identified by ``locator`` is enabled.</doc>
<status status="PASS" starttime="20230415 20:15:54.819" endtime="20230415 20:15:54.836"/>
</kw>
<status status="PASS" starttime="20230415 20:15:52.528" endtime="20230415 20:15:54.836"/>
</test>
<test id="s1-t53" name="In Your Community" line="279">
<kw name="Go To" library="SeleniumLibrary">
<arg>${URL}</arg>
<doc>Navigates the current browser window to the provided ``url``.</doc>
<msg timestamp="20230415 20:15:54.837" level="INFO">Opening url 'https://www.baaqmd.gov/sitemap'</msg>
<status status="PASS" starttime="20230415 20:15:54.837" endtime="20230415 20:15:55.984"/>
</kw>
<kw name="Click Element" library="SeleniumLibrary">
<arg>css:.sitemap a[href$="in-your-community"]</arg>
<doc>Click the element identified by ``locator``.</doc>
<msg timestamp="20230415 20:15:55.985" level="INFO">Clicking element 'css:.sitemap a[href$="in-your-community"]'.</msg>
<status status="PASS" starttime="20230415 20:15:55.984" endtime="20230415 20:15:57.093"/>
</kw>
<kw name="Element Should Be Enabled" library="SeleniumLibrary">
<arg>xpath://a[@alt="top-device-logo"]/img</arg>
<doc>Verifies that element identified by ``locator`` is enabled.</doc>
<status status="PASS" starttime="20230415 20:15:57.093" endtime="20230415 20:15:57.109"/>
</kw>
<status status="PASS" starttime="20230415 20:15:54.837" endtime="20230415 20:15:57.109"/>
</test>
<test id="s1-t54" name="Open Air" line="284">
<kw name="Go To" library="SeleniumLibrary">
<arg>${URL}</arg>
<doc>Navigates the current browser window to the provided ``url``.</doc>
<msg timestamp="20230415 20:15:57.109" level="INFO">Opening url 'https://www.baaqmd.gov/sitemap'</msg>
<status status="PASS" starttime="20230415 20:15:57.109" endtime="20230415 20:15:58.239"/>
</kw>
<kw name="Click Element" library="SeleniumLibrary">
<arg>css:.sitemap a[href$="open-air"]</arg>
<doc>Click the element identified by ``locator``.</doc>
<msg timestamp="20230415 20:15:58.239" level="INFO">Clicking element 'css:.sitemap a[href$="open-air"]'.</msg>
<status status="PASS" starttime="20230415 20:15:58.239" endtime="20230415 20:15:59.335"/>
</kw>
<kw name="Element Should Be Enabled" library="SeleniumLibrary">
<arg>xpath://a[@alt="top-device-logo"]/img</arg>
<doc>Verifies that element identified by ``locator`` is enabled.</doc>
<status status="PASS" starttime="20230415 20:15:59.335" endtime="20230415 20:15:59.350"/>
</kw>
<status status="PASS" starttime="20230415 20:15:57.109" endtime="20230415 20:15:59.350"/>
</test>
<test id="s1-t55" name="Alameda County" line="289">
<kw name="Go To" library="SeleniumLibrary">
<arg>${URL}</arg>
<doc>Navigates the current browser window to the provided ``url``.</doc>
<msg timestamp="20230415 20:15:59.350" level="INFO">Opening url 'https://www.baaqmd.gov/sitemap'</msg>
<status status="PASS" starttime="20230415 20:15:59.350" endtime="20230415 20:16:00.486"/>
</kw>
<kw name="Click Element" library="SeleniumLibrary">
<arg>css:.sitemap a[href$="alameda-county"]</arg>
<doc>Click the element identified by ``locator``.</doc>
<msg timestamp="20230415 20:16:00.486" level="INFO">Clicking element 'css:.sitemap a[href$="alameda-county"]'.</msg>
<status status="PASS" starttime="20230415 20:16:00.486" endtime="20230415 20:16:04.021"/>
</kw>
<kw name="Element Should Be Enabled" library="SeleniumLibrary">
<arg>xpath://a[@alt="top-device-logo"]/img</arg>
<doc>Verifies that element identified by ``locator`` is enabled.</doc>
<status status="PASS" starttime="20230415 20:16:04.022" endtime="20230415 20:16:04.039"/>
</kw>
<status status="PASS" starttime="20230415 20:15:59.350" endtime="20230415 20:16:04.040"/>
</test>
<test id="s1-t56" name="Contra Costa County" line="294">
<kw name="Go To" library="SeleniumLibrary">
<arg>${URL}</arg>
<doc>Navigates the current browser window to the provided ``url``.</doc>
<msg timestamp="20230415 20:16:04.040" level="INFO">Opening url 'https://www.baaqmd.gov/sitemap'</msg>
<status status="PASS" starttime="20230415 20:16:04.040" endtime="20230415 20:16:05.217"/>
</kw>
<kw name="Click Element" library="SeleniumLibrary">
<arg>css:.sitemap a[href$="contra-costa-county"]</arg>
<doc>Click the element identified by ``locator``.</doc>
<msg timestamp="20230415 20:16:05.218" level="INFO">Clicking element 'css:.sitemap a[href$="contra-costa-county"]'.</msg>
<status status="PASS" starttime="20230415 20:16:05.218" endtime="20230415 20:16:06.742"/>
</kw>
<kw name="Element Should Be Enabled" library="SeleniumLibrary">
<arg>xpath://a[@alt="top-device-logo"]/img</arg>
<doc>Verifies that element identified by ``locator`` is enabled.</doc>
<status status="PASS" starttime="20230415 20:16:06.742" endtime="20230415 20:16:06.759"/>
</kw>
<status status="PASS" starttime="20230415 20:16:04.040" endtime="20230415 20:16:06.759"/>
</test>
<test id="s1-t57" name="Marin County" line="299">
<kw name="Go To" library="SeleniumLibrary">
<arg>${URL}</arg>
<doc>Navigates the current browser window to the provided ``url``.</doc>
<msg timestamp="20230415 20:16:06.759" level="INFO">Opening url 'https://www.baaqmd.gov/sitemap'</msg>
<status status="PASS" starttime="20230415 20:16:06.759" endtime="20230415 20:16:07.913"/>
</kw>
<kw name="Click Element" library="SeleniumLibrary">
<arg>css:.sitemap a[href$="marin-county"]</arg>
<doc>Click the element identified by ``locator``.</doc>
<msg timestamp="20230415 20:16:07.913" level="INFO">Clicking element 'css:.sitemap a[href$="marin-county"]'.</msg>
<status status="PASS" starttime="20230415 20:16:07.913" endtime="20230415 20:16:09.023"/>
</kw>
<kw name="Element Should Be Enabled" library="SeleniumLibrary">
<arg>xpath://a[@alt="top-device-logo"]/img</arg>
<doc>Verifies that element identified by ``locator`` is enabled.</doc>
<status status="PASS" starttime="20230415 20:16:09.023" endtime="20230415 20:16:09.042"/>
</kw>
<status status="PASS" starttime="20230415 20:16:06.759" endtime="20230415 20:16:09.042"/>
</test>
<test id="s1-t58" name="Napa County" line="304">
<kw name="Go To" library="SeleniumLibrary">
<arg>${URL}</arg>
<doc>Navigates the current browser window to the provided ``url``.</doc>
<msg timestamp="20230415 20:16:09.043" level="INFO">Opening url 'https://www.baaqmd.gov/sitemap'</msg>
<status status="PASS" starttime="20230415 20:16:09.043" endtime="20230415 20:16:10.149"/>
</kw>
<kw name="Click Element" library="SeleniumLibrary">
<arg>css:.sitemap a[href$="napa-county"]</arg>
<doc>Click the element identified by ``locator``.</doc>
<msg timestamp="20230415 20:16:10.150" level="INFO">Clicking element 'css:.sitemap a[href$="napa-county"]'.</msg>
<status status="PASS" starttime="20230415 20:16:10.149" endtime="20230415 20:16:12.429"/>
</kw>
<kw name="Element Should Be Enabled" library="SeleniumLibrary">
<arg>xpath://a[@alt="top-device-logo"]/img</arg>
<doc>Verifies that element identified by ``locator`` is enabled.</doc>
<status status="PASS" starttime="20230415 20:16:12.430" endtime="20230415 20:16:12.446"/>
</kw>
<status status="PASS" starttime="20230415 20:16:09.043" endtime="20230415 20:16:12.446"/>
</test>
<test id="s1-t59" name="San Francisco County" line="309">
<kw name="Go To" library="SeleniumLibrary">
<arg>${URL}</arg>
<doc>Navigates the current browser window to the provided ``url``.</doc>
<msg timestamp="20230415 20:16:12.446" level="INFO">Opening url 'https://www.baaqmd.gov/sitemap'</msg>
<status status="PASS" starttime="20230415 20:16:12.446" endtime="20230415 20:16:13.549"/>
</kw>
<kw name="Click Element" library="SeleniumLibrary">
<arg>css:.sitemap a[href$="san-francisco-county"]</arg>
<doc>Click the element identified by ``locator``.</doc>
<msg timestamp="20230415 20:16:13.550" level="INFO">Clicking element 'css:.sitemap a[href$="san-francisco-county"]'.</msg>
<status status="PASS" starttime="20230415 20:16:13.550" endtime="20230415 20:16:15.681"/>
</kw>
<kw name="Element Should Be Enabled" library="SeleniumLibrary">
<arg>xpath://a[@alt="top-device-logo"]/img</arg>
<doc>Verifies that element identified by ``locator`` is enabled.</doc>
<status status="PASS" starttime="20230415 20:16:15.681" endtime="20230415 20:16:15.698"/>
</kw>
<status status="PASS" starttime="20230415 20:16:12.446" endtime="20230415 20:16:15.698"/>
</test>
<test id="s1-t60" name="San Mateo County" line="314">
<kw name="Go To" library="SeleniumLibrary">
<arg>${URL}</arg>
<doc>Navigates the current browser window to the provided ``url``.</doc>
<msg timestamp="20230415 20:16:15.698" level="INFO">Opening url 'https://www.baaqmd.gov/sitemap'</msg>
<status status="PASS" starttime="20230415 20:16:15.698" endtime="20230415 20:16:16.809"/>
</kw>
<kw name="Click Element" library="SeleniumLibrary">
<arg>css:.sitemap a[href$="san-mateo-county"]</arg>
<doc>Click the element identified by ``locator``.</doc>
<msg timestamp="20230415 20:16:16.810" level="INFO">Clicking element 'css:.sitemap a[href$="san-mateo-county"]'.</msg>
<status status="PASS" starttime="20230415 20:16:16.809" endtime="20230415 20:16:17.976"/>
</kw>
<kw name="Element Should Be Enabled" library="SeleniumLibrary">
<arg>xpath://a[@alt="top-device-logo"]/img</arg>
<doc>Verifies that element identified by ``locator`` is enabled.</doc>
<status status="PASS" starttime="20230415 20:16:17.976" endtime="20230415 20:16:17.993"/>
</kw>
<status status="PASS" starttime="20230415 20:16:15.698" endtime="20230415 20:16:17.993"/>
</test>
<test id="s1-t61" name="Santa Clara County" line="319">
<kw name="Go To" library="SeleniumLibrary">
<arg>${URL}</arg>
<doc>Navigates the current browser window to the provided ``url``.</doc>
<msg timestamp="20230415 20:16:17.994" level="INFO">Opening url 'https://www.baaqmd.gov/sitemap'</msg>
<status status="PASS" starttime="20230415 20:16:17.994" endtime="20230415 20:16:19.267"/>
</kw>
<kw name="Click Element" library="SeleniumLibrary">
<arg>css:.sitemap a[href$="santa-clara-county"]</arg>
<doc>Click the element identified by ``locator``.</doc>
<msg timestamp="20230415 20:16:19.267" level="INFO">Clicking element 'css:.sitemap a[href$="santa-clara-county"]'.</msg>
<status status="PASS" starttime="20230415 20:16:19.267" endtime="20230415 20:16:20.365"/>
</kw>
<kw name="Element Should Be Enabled" library="SeleniumLibrary">
<arg>xpath://a[@alt="top-device-logo"]/img</arg>
<doc>Verifies that element identified by ``locator`` is enabled.</doc>
<status status="PASS" starttime="20230415 20:16:20.365" endtime="20230415 20:16:20.381"/>
</kw>
<status status="PASS" starttime="20230415 20:16:17.994" endtime="20230415 20:16:20.381"/>
</test>
<test id="s1-t62" name="Solano County" line="324">
<kw name="Go To" library="SeleniumLibrary">
<arg>${URL}</arg>
<doc>Navigates the current browser window to the provided ``url``.</doc>
<msg timestamp="20230415 20:16:20.382" level="INFO">Opening url 'https://www.baaqmd.gov/sitemap'</msg>
<status status="PASS" starttime="20230415 20:16:20.382" endtime="20230415 20:16:21.522"/>
</kw>
<kw name="Click Element" library="SeleniumLibrary">
<arg>css:.sitemap a[href$="solano-county"]</arg>
<doc>Click the element identified by ``locator``.</doc>
<msg timestamp="20230415 20:16:21.522" level="INFO">Clicking element 'css:.sitemap a[href$="solano-county"]'.</msg>
<status status="PASS" starttime="20230415 20:16:21.522" endtime="20230415 20:16:22.629"/>
</kw>
<kw name="Element Should Be Enabled" library="SeleniumLibrary">
<arg>xpath://a[@alt="top-device-logo"]/img</arg>
<doc>Verifies that element identified by ``locator`` is enabled.</doc>
<status status="PASS" starttime="20230415 20:16:22.629" endtime="20230415 20:16:22.645"/>
</kw>
<status status="PASS" starttime="20230415 20:16:20.382" endtime="20230415 20:16:22.645"/>
</test>
<test id="s1-t63" name="Sonoma County" line="329">
<kw name="Go To" library="SeleniumLibrary">
<arg>${URL}</arg>
<doc>Navigates the current browser window to the provided ``url``.</doc>
<msg timestamp="20230415 20:16:22.647" level="INFO">Opening url 'https://www.baaqmd.gov/sitemap'</msg>
<status status="PASS" starttime="20230415 20:16:22.646" endtime="20230415 20:16:23.788"/>
</kw>
<kw name="Click Element" library="SeleniumLibrary">
<arg>css:.sitemap a[href$="sonoma-county"]</arg>
<doc>Click the element identified by ``locator``.</doc>
<msg timestamp="20230415 20:16:23.788" level="INFO">Clicking element 'css:.sitemap a[href$="sonoma-county"]'.</msg>
<status status="PASS" starttime="20230415 20:16:23.788" endtime="20230415 20:16:24.894"/>
</kw>
<kw name="Element Should Be Enabled" library="SeleniumLibrary">
<arg>xpath://a[@alt="top-device-logo"]/img</arg>
<doc>Verifies that element identified by ``locator`` is enabled.</doc>
<status status="PASS" starttime="20230415 20:16:24.894" endtime="20230415 20:16:24.913"/>
</kw>
<status status="PASS" starttime="20230415 20:16:22.645" endtime="20230415 20:16:24.913"/>
</test>
<test id="s1-t64" name="Youth Outreach Education" line="334">
<kw name="Go To" library="SeleniumLibrary">
<arg>${URL}</arg>
<doc>Navigates the current browser window to the provided ``url``.</doc>
<msg timestamp="20230415 20:16:24.913" level="INFO">Opening url 'https://www.baaqmd.gov/sitemap'</msg>
<status status="PASS" starttime="20230415 20:16:24.913" endtime="20230415 20:16:26.079"/>
</kw>
<kw name="Click Element" library="SeleniumLibrary">
<arg>css:.sitemap a[href$="youth-outreach-education"]</arg>
<doc>Click the element identified by ``locator``.</doc>
<msg timestamp="20230415 20:16:26.080" level="INFO">Clicking element 'css:.sitemap a[href$="youth-outreach-education"]'.</msg>
<status status="PASS" starttime="20230415 20:16:26.079" endtime="20230415 20:16:27.191"/>
</kw>
<kw name="Element Should Be Enabled" library="SeleniumLibrary">
<arg>xpath://a[@alt="top-device-logo"]/img</arg>
<doc>Verifies that element identified by ``locator`` is enabled.</doc>
<status status="PASS" starttime="20230415 20:16:27.191" endtime="20230415 20:16:27.207"/>
</kw>
<status status="PASS" starttime="20230415 20:16:24.913" endtime="20230415 20:16:27.207"/>
</test>
<test id="s1-t65" name="Job Opportunities" line="339">
<kw name="Go To" library="SeleniumLibrary">
<arg>${URL}</arg>
<doc>Navigates the current browser window to the provided ``url``.</doc>
<msg timestamp="20230415 20:16:27.208" level="INFO">Opening url 'https://www.baaqmd.gov/sitemap'</msg>
<status status="PASS" starttime="20230415 20:16:27.208" endtime="20230415 20:16:28.334"/>
</kw>
<kw name="Click Element" library="SeleniumLibrary">
<arg>css:.sitemap a[href$="job-opportunities"]</arg>
<doc>Click the element identified by ``locator``.</doc>
<msg timestamp="20230415 20:16:28.334" level="INFO">Clicking element 'css:.sitemap a[href$="job-opportunities"]'.</msg>
<status status="PASS" starttime="20230415 20:16:28.334" endtime="20230415 20:16:29.667"/>
</kw>
<kw name="Element Should Be Enabled" library="SeleniumLibrary">
<arg>xpath://a[@alt="top-device-logo"]/img</arg>
<doc>Verifies that element identified by ``locator`` is enabled.</doc>
<status status="PASS" starttime="20230415 20:16:29.667" endtime="20230415 20:16:29.687"/>
</kw>
<status status="PASS" starttime="20230415 20:16:27.208" endtime="20230415 20:16:29.687"/>
</test>
<test id="s1-t66" name="Hiring Process" line="344">
<kw name="Go To" library="SeleniumLibrary">
<arg>${URL}</arg>
<doc>Navigates the current browser window to the provided ``url``.</doc>
<msg timestamp="20230415 20:16:29.688" level="INFO">Opening url 'https://www.baaqmd.gov/sitemap'</msg>
<status status="PASS" starttime="20230415 20:16:29.688" endtime="20230415 20:16:30.868"/>
</kw>
<kw name="Click Element" library="SeleniumLibrary">
<arg>css:.sitemap a[href$="hiring-process"]</arg>
<doc>Click the element identified by ``locator``.</doc>
<msg timestamp="20230415 20:16:30.869" level="INFO">Clicking element 'css:.sitemap a[href$="hiring-process"]'.</msg>
<status status="PASS" starttime="20230415 20:16:30.869" endtime="20230415 20:16:32.242"/>
</kw>
<kw name="Element Should Be Enabled" library="SeleniumLibrary">
<arg>xpath://a[@alt="top-device-logo"]/img</arg>
<doc>Verifies that element identified by ``locator`` is enabled.</doc>
<status status="PASS" starttime="20230415 20:16:32.242" endtime="20230415 20:16:32.258"/>
</kw>
<status status="PASS" starttime="20230415 20:16:29.687" endtime="20230415 20:16:32.258"/>
</test>
<test id="s1-t67" name="Benefits Resources" line="349">
<kw name="Go To" library="SeleniumLibrary">
<arg>${URL}</arg>
<doc>Navigates the current browser window to the provided ``url``.</doc>
<msg timestamp="20230415 20:16:32.259" level="INFO">Opening url 'https://www.baaqmd.gov/sitemap'</msg>
<status status="PASS" starttime="20230415 20:16:32.259" endtime="20230415 20:16:33.414"/>
</kw>
<kw name="Click Element" library="SeleniumLibrary">
<arg>css:.sitemap a[href$="benefits-resources"]</arg>
<doc>Click the element identified by ``locator``.</doc>
<msg timestamp="20230415 20:16:33.415" level="INFO">Clicking element 'css:.sitemap a[href$="benefits-resources"]'.</msg>
<status status="PASS" starttime="20230415 20:16:33.415" endtime="20230415 20:16:34.571"/>
</kw>
<kw name="Element Should Be Enabled" library="SeleniumLibrary">
<arg>xpath://a[@alt="top-device-logo"]/img</arg>
<doc>Verifies that element identified by ``locator`` is enabled.</doc>
<status status="PASS" starttime="20230415 20:16:34.571" endtime="20230415 20:16:34.593"/>
</kw>
<status status="PASS" starttime="20230415 20:16:32.259" endtime="20230415 20:16:34.593"/>
</test>
<test id="s1-t68" name="Mission Statement" line="354">
<kw name="Go To" library="SeleniumLibrary">
<arg>${URL}</arg>
<doc>Navigates the current browser window to the provided ``url``.</doc>
<msg timestamp="20230415 20:16:34.612" level="INFO">Opening url 'https://www.baaqmd.gov/sitemap'</msg>
<status status="PASS" starttime="20230415 20:16:34.594" endtime="20230415 20:16:35.776"/>
</kw>
<kw name="Click Element" library="SeleniumLibrary">
<arg>css:.sitemap a[href$="mission-statement"]</arg>
<doc>Click the element identified by ``locator``.</doc>
<msg timestamp="20230415 20:16:35.777" level="INFO">Clicking element 'css:.sitemap a[href$="mission-statement"]'.</msg>
<status status="PASS" starttime="20230415 20:16:35.776" endtime="20230415 20:16:36.902"/>
</kw>
[...]
</test>
<test id="s1-t193" name="Major Facility Review (title V)" line="1101">
<kw name="Go To" library="SeleniumLibrary">
<arg>${URL}</arg>
<doc>Navigates the current browser window to the provided ``url``.</doc>
<msg timestamp="20230415 20:30:02.606" level="INFO">Opening url 'https://www.baaqmd.gov/sitemap'</msg>
<status status="PASS" starttime="20230415 20:30:02.606" endtime="20230415 20:30:04.079"/>
</kw>
<kw name="Click Element" library="SeleniumLibrary">
<arg>css:.sitemap a[href$="major-facility-review-title-v"]</arg>
<doc>Click the element identified by ``locator``.</doc>
<msg timestamp="20230415 20:30:04.080" level="INFO">Clicking element 'css:.sitemap a[href$="major-facility-review-title-v"]'.</msg>
<status status="PASS" starttime="20230415 20:30:04.079" endtime="20230415 20:30:06.036"/>
</kw>
<kw name="Sleep" library="BuiltIn">
<arg>3 seconds</arg>
<doc>Pauses the test executed for the given time.</doc>
<msg timestamp="20230415 20:30:09.037" level="INFO">Slept 3 seconds</msg>
<status status="PASS" starttime="20230415 20:30:06.036" endtime="20230415 20:30:09.039"/>
</kw>
<kw name="Element Should Be Enabled" library="SeleniumLibrary">
<arg>xpath://a[@alt="top-device-logo"]/img</arg>
<doc>Verifies that element identified by ``locator`` is enabled.</doc>
<status status="PASS" starttime="20230415 20:30:09.039" endtime="20230415 20:30:09.083"/>
</kw>
<status status="PASS" starttime="20230415 20:30:02.606" endtime="20230415 20:30:09.084"/>
</test>
<test id="s1-t194" name="Synthetic Minor Permits" line="1107">
<kw name="Go To" library="SeleniumLibrary">
<arg>${URL}</arg>
<doc>Navigates the current browser window to the provided ``url``.</doc>
<msg timestamp="20230415 20:30:09.084" level="INFO">Opening url 'https://www.baaqmd.gov/sitemap'</msg>
<status status="PASS" starttime="20230415 20:30:09.084" endtime="20230415 20:30:10.469"/>
</kw>
<kw name="Click Element" library="SeleniumLibrary">
<arg>css:.sitemap a[href$="synthetic-minor-permits"]</arg>
<doc>Click the element identified by ``locator``.</doc>
<msg timestamp="20230415 20:30:10.470" level="INFO">Clicking element 'css:.sitemap a[href$="synthetic-minor-permits"]'.</msg>
<status status="PASS" starttime="20230415 20:30:10.470" endtime="20230415 20:30:11.677"/>
</kw>
<kw name="Sleep" library="BuiltIn">
<arg>3 seconds</arg>
<doc>Pauses the test executed for the given time.</doc>
<msg timestamp="20230415 20:30:14.678" level="INFO">Slept 3 seconds</msg>
<status status="PASS" starttime="20230415 20:30:11.677" endtime="20230415 20:30:14.678"/>
</kw>
<kw name="Element Should Be Enabled" library="SeleniumLibrary">
<arg>xpath://a[@alt="top-device-logo"]/img</arg>
<doc>Verifies that element identified by ``locator`` is enabled.</doc>
<status status="PASS" starttime="20230415 20:30:14.679" endtime="20230415 20:30:14.727"/>
</kw>
<status status="PASS" starttime="20230415 20:30:09.084" endtime="20230415 20:30:14.727"/>
</test>
<test id="s1-t195" name="Title V Applicability Criteria" line="1113">
<kw name="Go To" library="SeleniumLibrary">
<arg>${URL}</arg>
<doc>Navigates the current browser window to the provided ``url``.</doc>
<msg timestamp="20230415 20:30:14.728" level="INFO">Opening url 'https://www.baaqmd.gov/sitemap'</msg>
<status status="PASS" starttime="20230415 20:30:14.727" endtime="20230415 20:30:16.056"/>
</kw>
<kw name="Click Element" library="SeleniumLibrary">
<arg>css:.sitemap a[href$="title-v-applicability-criteria"]</arg>
<doc>Click the element identified by ``locator``.</doc>
<msg timestamp="20230415 20:30:16.057" level="INFO">Clicking element 'css:.sitemap a[href$="title-v-applicability-criteria"]'.</msg>
<status status="PASS" starttime="20230415 20:30:16.056" endtime="20230415 20:30:17.232"/>
</kw>
<kw name="Sleep" library="BuiltIn">
<arg>3 seconds</arg>
<doc>Pauses the test executed for the given time.</doc>
<msg timestamp="20230415 20:30:20.235" level="INFO">Slept 3 seconds</msg>
<status status="PASS" starttime="20230415 20:30:17.235" endtime="20230415 20:30:20.236"/>
</kw>
<kw name="Element Should Be Enabled" library="SeleniumLibrary">
<arg>xpath://a[@alt="top-device-logo"]/img</arg>
<doc>Verifies that element identified by ``locator`` is enabled.</doc>
<status status="PASS" starttime="20230415 20:30:20.237" endtime="20230415 20:30:20.280"/>
</kw>
<status status="PASS" starttime="20230415 20:30:14.727" endtime="20230415 20:30:20.280"/>
</test>
<test id="s1-t196" name="Title V Permits" line="1119">
<kw name="Go To" library="SeleniumLibrary">
<arg>${URL}</arg>
<doc>Navigates the current browser window to the provided ``url``.</doc>
<msg timestamp="20230415 20:30:20.281" level="INFO">Opening url 'https://www.baaqmd.gov/sitemap'</msg>
<status status="PASS" starttime="20230415 20:30:20.281" endtime="20230415 20:30:21.621"/>
</kw>
<kw name="Click Element" library="SeleniumLibrary">
<arg>css:.sitemap a[href$="title-v-permits"]</arg>
<doc>Click the element identified by ``locator``.</doc>
<msg timestamp="20230415 20:30:21.622" level="INFO">Clicking element 'css:.sitemap a[href$="title-v-permits"]'.</msg>
<status status="PASS" starttime="20230415 20:30:21.622" endtime="20230415 20:30:25.486"/>
</kw>
<kw name="Sleep" library="BuiltIn">
<arg>3 seconds</arg>
<doc>Pauses the test executed for the given time.</doc>
<msg timestamp="20230415 20:30:28.488" level="INFO">Slept 3 seconds</msg>
<status status="PASS" starttime="20230415 20:30:25.486" endtime="20230415 20:30:28.489"/>
</kw>
<kw name="Element Should Be Enabled" library="SeleniumLibrary">
<arg>xpath://a[@alt="top-device-logo"]/img</arg>
<doc>Verifies that element identified by ``locator`` is enabled.</doc>
<status status="PASS" starttime="20230415 20:30:28.490" endtime="20230415 20:30:28.540"/>
</kw>
<status status="PASS" starttime="20230415 20:30:20.280" endtime="20230415 20:30:28.540"/>
</test>
<test id="s1-t197" name="Asbestos Notification / Job #" line="1125">
<kw name="Go To" library="SeleniumLibrary">
<arg>${URL}</arg>
<doc>Navigates the current browser window to the provided ``url``.</doc>
<msg timestamp="20230415 20:30:28.540" level="INFO">Opening url 'https://www.baaqmd.gov/sitemap'</msg>
<status status="PASS" starttime="20230415 20:30:28.540" endtime="20230415 20:30:30.058"/>
</kw>
<kw name="Click Element" library="SeleniumLibrary">
<arg>css:.sitemap a[href$="permits/asbestos"]</arg>
<doc>Click the element identified by ``locator``.</doc>
<msg timestamp="20230415 20:30:30.059" level="INFO">Clicking element 'css:.sitemap a[href$="permits/asbestos"]'.</msg>
<status status="PASS" starttime="20230415 20:30:30.058" endtime="20230415 20:30:31.371"/>
</kw>
<kw name="Sleep" library="BuiltIn">
<arg>3 seconds</arg>
<doc>Pauses the test executed for the given time.</doc>
<msg timestamp="20230415 20:30:34.374" level="INFO">Slept 3 seconds</msg>
<status status="PASS" starttime="20230415 20:30:31.372" endtime="20230415 20:30:34.374"/>
</kw>
<kw name="Element Should Be Enabled" library="SeleniumLibrary">
<arg>xpath://a[@alt="top-device-logo"]/img</arg>
<doc>Verifies that element identified by ``locator`` is enabled.</doc>
<status status="PASS" starttime="20230415 20:30:34.375" endtime="20230415 20:30:34.420"/>
</kw>
<status status="PASS" starttime="20230415 20:30:28.540" endtime="20230415 20:30:34.420"/>
</test>
<test id="s1-t198" name="Naturally Occuring Asbestos" line="1131">
<kw name="Go To" library="SeleniumLibrary">
<arg>${URL}</arg>
<doc>Navigates the current browser window to the provided ``url``.</doc>
<msg timestamp="20230415 20:30:34.420" level="INFO">Opening url 'https://www.baaqmd.gov/sitemap'</msg>
<status status="PASS" starttime="20230415 20:30:34.420" endtime="20230415 20:30:35.843"/>
</kw>
<kw name="Click Element" library="SeleniumLibrary">
<arg>css:.sitemap a[href$="naturally-occuring-asbestos"]</arg>
<doc>Click the element identified by ``locator``.</doc>
<msg timestamp="20230415 20:30:35.843" level="INFO">Clicking element 'css:.sitemap a[href$="naturally-occuring-asbestos"]'.</msg>
<status status="PASS" starttime="20230415 20:30:35.843" endtime="20230415 20:30:37.030"/>
</kw>
<kw name="Sleep" library="BuiltIn">
<arg>3 seconds</arg>
<doc>Pauses the test executed for the given time.</doc>
<msg timestamp="20230415 20:30:40.031" level="INFO">Slept 3 seconds</msg>
<status status="PASS" starttime="20230415 20:30:37.030" endtime="20230415 20:30:40.032"/>
</kw>
<kw name="Element Should Be Enabled" library="SeleniumLibrary">
<arg>xpath://a[@alt="top-device-logo"]/img</arg>
<doc>Verifies that element identified by ``locator`` is enabled.</doc>
<status status="PASS" starttime="20230415 20:30:40.033" endtime="20230415 20:30:40.081"/>
</kw>
<status status="PASS" starttime="20230415 20:30:34.420" endtime="20230415 20:30:40.081"/>
</test>
<test id="s1-t199" name="Open Burn Notification &amp; Status" line="1137">
<kw name="Go To" library="SeleniumLibrary">
<arg>${URL}</arg>
<doc>Navigates the current browser window to the provided ``url``.</doc>
<msg timestamp="20230415 20:30:40.082" level="INFO">Opening url 'https://www.baaqmd.gov/sitemap'</msg>
<status status="PASS" starttime="20230415 20:30:40.082" endtime="20230415 20:30:41.451"/>
</kw>
<kw name="Click Element" library="SeleniumLibrary">
<arg>css:.sitemap a[href$="open-burn"]</arg>
<doc>Click the element identified by ``locator``.</doc>
<msg timestamp="20230415 20:30:41.452" level="INFO">Clicking element 'css:.sitemap a[href$="open-burn"]'.</msg>
<status status="PASS" starttime="20230415 20:30:41.452" endtime="20230415 20:30:43.312"/>
</kw>
<kw name="Sleep" library="BuiltIn">
<arg>3 seconds</arg>
<doc>Pauses the test executed for the given time.</doc>
<msg timestamp="20230415 20:30:46.320" level="INFO">Slept 3 seconds</msg>
<status status="PASS" starttime="20230415 20:30:43.312" endtime="20230415 20:30:46.320"/>
</kw>
<kw name="Element Should Be Enabled" library="SeleniumLibrary">
<arg>xpath://a[@alt="top-device-logo"]/img</arg>
<doc>Verifies that element identified by ``locator`` is enabled.</doc>
<status status="PASS" starttime="20230415 20:30:46.320" endtime="20230415 20:30:46.368"/>
</kw>
<status status="PASS" starttime="20230415 20:30:40.081" endtime="20230415 20:30:46.368"/>
</test>
<test id="s1-t200" name="Open Burn Information" line="1143">
<kw name="Go To" library="SeleniumLibrary">
<arg>${URL}</arg>
<doc>Navigates the current browser window to the provided ``url``.</doc>
<msg timestamp="20230415 20:30:46.369" level="INFO">Opening url 'https://www.baaqmd.gov/sitemap'</msg>
<status status="PASS" starttime="20230415 20:30:46.369" endtime="20230415 20:30:47.793"/>
</kw>
<kw name="Click Element" library="SeleniumLibrary">
<arg>css:.sitemap a[href$="open-burn-information"]</arg>
<doc>Click the element identified by ``locator``.</doc>
<msg timestamp="20230415 20:30:47.794" level="INFO">Clicking element 'css:.sitemap a[href$="open-burn-information"]'.</msg>
<status status="PASS" starttime="20230415 20:30:47.794" endtime="20230415 20:30:49.181"/>
</kw>
<kw name="Sleep" library="BuiltIn">
<arg>3 seconds</arg>
<doc>Pauses the test executed for the given time.</doc>
<msg timestamp="20230415 20:30:52.184" level="INFO">Slept 3 seconds</msg>
<status status="PASS" starttime="20230415 20:30:49.181" endtime="20230415 20:30:52.184"/>
</kw>
<kw name="Element Should Be Enabled" library="SeleniumLibrary">
<arg>xpath://a[@alt="top-device-logo"]/img</arg>
<doc>Verifies that element identified by ``locator`` is enabled.</doc>
<status status="PASS" starttime="20230415 20:30:52.185" endtime="20230415 20:30:52.212"/>
</kw>
<status status="PASS" starttime="20230415 20:30:46.368" endtime="20230415 20:30:52.212"/>
</test>
<test id="s1-t201" name="Underground Tanks" line="1149">
<kw name="Go To" library="SeleniumLibrary">
<arg>${URL}</arg>
<doc>Navigates the current browser window to the provided ``url``.</doc>
<msg timestamp="20230415 20:30:52.213" level="INFO">Opening url 'https://www.baaqmd.gov/sitemap'</msg>
<status status="PASS" starttime="20230415 20:30:52.212" endtime="20230415 20:30:53.706"/>
</kw>
<kw name="Click Element" library="SeleniumLibrary">
<arg>css:.sitemap a[href$="underground-tanks"]</arg>
<doc>Click the element identified by ``locator``.</doc>
<msg timestamp="20230415 20:30:53.706" level="INFO">Clicking element 'css:.sitemap a[href$="underground-tanks"]'.</msg>
<status status="PASS" starttime="20230415 20:30:53.706" endtime="20230415 20:30:55.244"/>
</kw>
<kw name="Sleep" library="BuiltIn">
<arg>3 seconds</arg>
<doc>Pauses the test executed for the given time.</doc>
<msg timestamp="20230415 20:30:58.247" level="INFO">Slept 3 seconds</msg>
<status status="PASS" starttime="20230415 20:30:55.245" endtime="20230415 20:30:58.247"/>
</kw>
<kw name="Element Should Be Enabled" library="SeleniumLibrary">
<arg>xpath://a[@alt="top-device-logo"]/img</arg>
<doc>Verifies that element identified by ``locator`` is enabled.</doc>
<status status="PASS" starttime="20230415 20:30:58.247" endtime="20230415 20:30:58.297"/>
</kw>
<status status="PASS" starttime="20230415 20:30:52.212" endtime="20230415 20:30:58.297"/>
</test>
<test id="s1-t202" name="Permitting Manuals" line="1155">
<kw name="Go To" library="SeleniumLibrary">
<arg>${URL}</arg>
<doc>Navigates the current browser window to the provided ``url``.</doc>
<msg timestamp="20230415 20:30:58.298" level="INFO">Opening url 'https://www.baaqmd.gov/sitemap'</msg>
<status status="PASS" starttime="20230415 20:30:58.298" endtime="20230415 20:30:59.770"/>
</kw>
<kw name="Click Element" library="SeleniumLibrary">
<arg>css:.sitemap a[href$="permitting-manuals"]</arg>
<doc>Click the element identified by ``locator``.</doc>
<msg timestamp="20230415 20:30:59.771" level="INFO">Clicking element 'css:.sitemap a[href$="permitting-manuals"]'.</msg>
<status status="PASS" starttime="20230415 20:30:59.770" endtime="20230415 20:31:01.011"/>
</kw>
<kw name="Sleep" library="BuiltIn">
<arg>3 seconds</arg>
<doc>Pauses the test executed for the given time.</doc>
<msg timestamp="20230415 20:31:04.012" level="INFO">Slept 3 seconds</msg>
<status status="PASS" starttime="20230415 20:31:01.011" endtime="20230415 20:31:04.012"/>
</kw>
<kw name="Element Should Be Enabled" library="SeleniumLibrary">
<arg>xpath://a[@alt="top-device-logo"]/img</arg>
<doc>Verifies that element identified by ``locator`` is enabled.</doc>
<status status="PASS" starttime="20230415 20:31:04.012" endtime="20230415 20:31:04.038"/>
</kw>
<status status="PASS" starttime="20230415 20:30:58.297" endtime="20230415 20:31:04.038"/>
</test>
<test id="s1-t203" name="BACT TBACT Workbook" line="1161">
<kw name="Go To" library="SeleniumLibrary">
<arg>${URL}</arg>
<doc>Navigates the current browser window to the provided ``url``.</doc>
<msg timestamp="20230415 20:31:04.039" level="INFO">Opening url 'https://www.baaqmd.gov/sitemap'</msg>
<status status="PASS" starttime="20230415 20:31:04.039" endtime="20230415 20:31:05.666"/>
</kw>
<kw name="Click Element" library="SeleniumLibrary">
<arg>css:.sitemap a[href$="bact-tbact-workbook"]</arg>
<doc>Click the element identified by ``locator``.</doc>
<msg timestamp="20230415 20:31:05.667" level="INFO">Clicking element 'css:.sitemap a[href$="bact-tbact-workbook"]'.</msg>
<status status="PASS" starttime="20230415 20:31:05.666" endtime="20230415 20:31:07.257"/>
</kw>
<kw name="Sleep" library="BuiltIn">
<arg>3 seconds</arg>
<doc>Pauses the test executed for the given time.</doc>
<msg timestamp="20230415 20:31:10.259" level="INFO">Slept 3 seconds</msg>
<status status="PASS" starttime="20230415 20:31:07.257" endtime="20230415 20:31:10.260"/>
</kw>
<kw name="Element Should Be Enabled" library="SeleniumLibrary">
<arg>xpath://a[@alt="top-device-logo"]/img</arg>
<doc>Verifies that element identified by ``locator`` is enabled.</doc>
<status status="PASS" starttime="20230415 20:31:10.261" endtime="20230415 20:31:10.313"/>
</kw>
<status status="PASS" starttime="20230415 20:31:04.039" endtime="20230415 20:31:10.313"/>
</test>
<test id="s1-t204" name="Engineering Policy and Procedure Manual" line="1167">
<kw name="Go To" library="SeleniumLibrary">
<arg>${URL}</arg>
<doc>Navigates the current browser window to the provided ``url``.</doc>
<msg timestamp="20230415 20:31:10.314" level="INFO">Opening url 'https://www.baaqmd.gov/sitemap'</msg>
<status status="PASS" starttime="20230415 20:31:10.314" endtime="20230415 20:31:11.669"/>
</kw>
<kw name="Click Element" library="SeleniumLibrary">
<arg>css:.sitemap a[href$="engineering-policy-and-procedure-manual"]</arg>
<doc>Click the element identified by ``locator``.</doc>
<msg timestamp="20230415 20:31:11.670" level="INFO">Clicking element 'css:.sitemap a[href$="engineering-policy-and-procedure-manual"]'.</msg>
<status status="PASS" starttime="20230415 20:31:11.669" endtime="20230415 20:31:13.006"/>
</kw>
<kw name="Sleep" library="BuiltIn">
<arg>3 seconds</arg>
<doc>Pauses the test executed for the given time.</doc>
<msg timestamp="20230415 20:31:16.015" level="INFO">Slept 3 seconds</msg>
<status status="PASS" starttime="20230415 20:31:13.006" endtime="20230415 20:31:16.016"/>
</kw>
<kw name="Element Should Be Enabled" library="SeleniumLibrary">
<arg>xpath://a[@alt="top-device-logo"]/img</arg>
<doc>Verifies that element identified by ``locator`` is enabled.</doc>
<status status="PASS" starttime="20230415 20:31:16.018" endtime="20230415 20:31:16.049"/>
</kw>
<status status="PASS" starttime="20230415 20:31:10.314" endtime="20230415 20:31:16.049"/>
</test>
<test id="s1-t205" name="NSR Permitting Guidance" line="1173">
<kw name="Go To" library="SeleniumLibrary">
<arg>${URL}</arg>
<doc>Navigates the current browser window to the provided ``url``.</doc>
<msg timestamp="20230415 20:31:16.050" level="INFO">Opening url 'https://www.baaqmd.gov/sitemap'</msg>
<status status="PASS" starttime="20230415 20:31:16.050" endtime="20230415 20:31:17.402"/>
</kw>
<kw name="Click Element" library="SeleniumLibrary">
<arg>css:.sitemap a[href$="nsr-permitting-guidance"]</arg>
<doc>Click the element identified by ``locator``.</doc>
<msg timestamp="20230415 20:31:17.403" level="INFO">Clicking element 'css:.sitemap a[href$="nsr-permitting-guidance"]'.</msg>
<status status="PASS" starttime="20230415 20:31:17.402" endtime="20230415 20:31:18.715"/>
</kw>
<kw name="Sleep" library="BuiltIn">
<arg>3 seconds</arg>
<doc>Pauses the test executed for the given time.</doc>
<msg timestamp="20230415 20:31:21.716" level="INFO">Slept 3 seconds</msg>
<status status="PASS" starttime="20230415 20:31:18.715" endtime="20230415 20:31:21.717"/>
</kw>
<kw name="Element Should Be Enabled" library="SeleniumLibrary">
<arg>xpath://a[@alt="top-device-logo"]/img</arg>
<doc>Verifies that element identified by ``locator`` is enabled.</doc>
<status status="PASS" starttime="20230415 20:31:21.718" endtime="20230415 20:31:21.759"/>
</kw>
<status status="PASS" starttime="20230415 20:31:16.050" endtime="20230415 20:31:21.760"/>
</test>
<test id="s1-t206" name="Permit Handbook" line="1179">
<kw name="Go To" library="SeleniumLibrary">
<arg>${URL}</arg>
<doc>Navigates the current browser window to the provided ``url``.</doc>
<msg timestamp="20230415 20:31:21.761" level="INFO">Opening url 'https://www.baaqmd.gov/sitemap'</msg>
<status status="PASS" starttime="20230415 20:31:21.761" endtime="20230415 20:31:23.095"/>
</kw>
<kw name="Click Element" library="SeleniumLibrary">
<arg>css:.sitemap a[href$="permit-handbook"]</arg>
<doc>Click the element identified by ``locator``.</doc>
<msg timestamp="20230415 20:31:23.096" level="INFO">Clicking element 'css:.sitemap a[href$="permit-handbook"]'.</msg>
<status status="PASS" starttime="20230415 20:31:23.095" endtime="20230415 20:31:24.428"/>
</kw>
<kw name="Sleep" library="BuiltIn">
<arg>3 seconds</arg>
<doc>Pauses the test executed for the given time.</doc>
<msg timestamp="20230415 20:31:27.428" level="INFO">Slept 3 seconds</msg>
<status status="PASS" starttime="20230415 20:31:24.428" endtime="20230415 20:31:27.428"/>
</kw>
<kw name="Element Should Be Enabled" library="SeleniumLibrary">
<arg>